2024-01-13T01:11:11.197-06:00  INFO 13908 --- [main] c.e.PaymentAPI.PaymentApiApplication     : Starting PaymentApiApplication using Java 19.0.1 with PID 13908 (/Users/aabdelaziz/Downloads/PaymentAPI/target/classes started by aabdelaziz in /Users/aabdelaziz/Downloads/PaymentAPI)
2024-01-13T01:11:11.200-06:00  INFO 13908 --- [main] c.e.PaymentAPI.PaymentApiApplication     : No active profile set, falling back to 1 default profile: "default"
2024-01-13T01:11:12.217-06:00  INFO 13908 --- [main] .s.d.r.c.RepositoryConfigurationDelegate : Bootstrapping Spring Data JPA repositories in DEFAULT mode.
2024-01-13T01:11:12.278-06:00  INFO 13908 --- [main] .s.d.r.c.RepositoryConfigurationDelegate : Finished Spring Data repository scanning in 51 ms. Found 1 JPA repository interface.
2024-01-13T01:11:13.323-06:00  INFO 13908 --- [main] o.s.b.w.embedded.tomcat.TomcatWebServer  : Tomcat initialized with port 8080 (http)
2024-01-13T01:11:13.337-06:00  INFO 13908 --- [main] o.apache.catalina.core.StandardService   : Starting service [Tomcat]
2024-01-13T01:11:13.337-06:00  INFO 13908 --- [main] o.apache.catalina.core.StandardEngine    : Starting Servlet engine: [Apache Tomcat/10.1.17]
2024-01-13T01:11:13.396-06:00  INFO 13908 --- [main] o.a.c.c.C.[Tomcat].[localhost].[/]       : Initializing Spring embedded WebApplicationContext
2024-01-13T01:11:13.396-06:00  INFO 13908 --- [main] w.s.c.ServletWebServerApplicationContext : Root WebApplicationContext: initialization completed in 2143 ms
2024-01-13T01:11:13.681-06:00  INFO 13908 --- [main] com.zaxxer.hikari.HikariDataSource       : HikariPool-1 - Starting...
2024-01-13T01:11:13.878-06:00  INFO 13908 --- [main] com.zaxxer.hikari.pool.HikariPool        : HikariPool-1 - Added connection conn0: url=jdbc:h2:mem:paymentDb user=API
2024-01-13T01:11:13.880-06:00  INFO 13908 --- [main] com.zaxxer.hikari.HikariDataSource       : HikariPool-1 - Start completed.
2024-01-13T01:11:13.891-06:00  INFO 13908 --- [main] o.s.b.a.h2.H2ConsoleAutoConfiguration    : H2 console available at '/h2-console'. Database available at 'jdbc:h2:mem:paymentDb'
2024-01-13T01:11:14.219-06:00  INFO 13908 --- [main] o.hibernate.jpa.internal.util.LogHelper  : HHH000204: Processing PersistenceUnitInfo [name: default]
2024-01-13T01:11:14.271-06:00  INFO 13908 --- [main] org.hibernate.Version                    : HHH000412: Hibernate ORM core version 6.4.1.Final
2024-01-13T01:11:14.304-06:00  INFO 13908 --- [main] o.h.c.internal.RegionFactoryInitiator    : HHH000026: Second-level cache disabled
2024-01-13T01:11:14.530-06:00  INFO 13908 --- [main] o.s.o.j.p.SpringPersistenceUnitInfo      : No LoadTimeWeaver setup: ignoring JPA class transformer
2024-01-13T01:11:15.365-06:00  INFO 13908 --- [main] o.h.e.t.j.p.i.JtaPlatformInitiator       : HHH000489: No JTA platform available (set 'hibernate.transaction.jta.platform' to enable JTA platform integration)
2024-01-13T01:11:15.399-06:00  INFO 13908 --- [main] j.LocalContainerEntityManagerFactoryBean : Initialized JPA EntityManagerFactory for persistence unit 'default'
2024-01-13T01:11:16.052-06:00  WARN 13908 --- [main] JpaBaseConfiguration$JpaWebConfiguration : spring.jpa.open-in-view is enabled by default. Therefore, database queries may be performed during view rendering. Explicitly configure spring.jpa.open-in-view to disable this warning
2024-01-13T01:11:17.718-06:00  INFO 13908 --- [main] o.s.b.a.e.web.EndpointLinksResolver      : Exposing 14 endpoint(s) beneath base path '/actuator'
2024-01-13T01:11:17.818-06:00  INFO 13908 --- [main] o.s.b.w.embedded.tomcat.TomcatWebServer  : Tomcat started on port 8080 (http) with context path ''
2024-01-13T01:11:17.835-06:00  INFO 13908 --- [main] c.e.PaymentAPI.PaymentApiApplication     : Started PaymentApiApplication in 7.226 seconds (process running for 7.82)
2024-01-13T01:16:16.046-06:00  INFO 13908 --- [SpringApplicationShutdownHook] j.LocalContainerEntityManagerFactoryBean : Closing JPA EntityManagerFactory for persistence unit 'default'
2024-01-13T01:16:16.054-06:00  INFO 13908 --- [SpringApplicationShutdownHook] com.zaxxer.hikari.HikariDataSource       : HikariPool-1 - Shutdown initiated...
2024-01-13T01:16:16.056-06:00  INFO 13908 --- [SpringApplicationShutdownHook] com.zaxxer.hikari.HikariDataSource       : HikariPool-1 - Shutdown completed.
2024-01-13T01:16:21.316-06:00  INFO 14079 --- [restartedMain] c.e.PaymentAPI.PaymentApiApplication     : Starting PaymentApiApplication using Java 19.0.1 with PID 14079 (/Users/aabdelaziz/Downloads/PaymentAPI/target/classes started by aabdelaziz in /Users/aabdelaziz/Downloads/PaymentAPI)
2024-01-13T01:16:21.318-06:00  INFO 14079 --- [restartedMain] c.e.PaymentAPI.PaymentApiApplication     : No active profile set, falling back to 1 default profile: "default"
2024-01-13T01:16:21.391-06:00  INFO 14079 --- [restartedMain] .e.DevToolsPropertyDefaultsPostProcessor : Devtools property defaults active! Set 'spring.devtools.add-properties' to 'false' to disable
2024-01-13T01:16:21.391-06:00  INFO 14079 --- [restartedMain] .e.DevToolsPropertyDefaultsPostProcessor : For additional web related logging consider setting the 'logging.level.web' property to 'DEBUG'
2024-01-13T01:16:22.513-06:00  INFO 14079 --- [restartedMain] .s.d.r.c.RepositoryConfigurationDelegate : Bootstrapping Spring Data JPA repositories in DEFAULT mode.
2024-01-13T01:16:22.577-06:00  INFO 14079 --- [restartedMain] .s.d.r.c.RepositoryConfigurationDelegate : Finished Spring Data repository scanning in 55 ms. Found 1 JPA repository interface.
2024-01-13T01:16:23.770-06:00  INFO 14079 --- [restartedMain] o.s.b.w.embedded.tomcat.TomcatWebServer  : Tomcat initialized with port 8080 (http)
2024-01-13T01:16:23.785-06:00  INFO 14079 --- [restartedMain] o.apache.catalina.core.StandardService   : Starting service [Tomcat]
2024-01-13T01:16:23.786-06:00  INFO 14079 --- [restartedMain] o.apache.catalina.core.StandardEngine    : Starting Servlet engine: [Apache Tomcat/10.1.17]
2024-01-13T01:16:23.837-06:00  INFO 14079 --- [restartedMain] o.a.c.c.C.[Tomcat].[localhost].[/]       : Initializing Spring embedded WebApplicationContext
2024-01-13T01:16:23.837-06:00  INFO 14079 --- [restartedMain] w.s.c.ServletWebServerApplicationContext : Root WebApplicationContext: initialization completed in 2445 ms
2024-01-13T01:16:24.172-06:00  INFO 14079 --- [restartedMain] com.zaxxer.hikari.HikariDataSource       : HikariPool-1 - Starting...
2024-01-13T01:16:24.400-06:00  INFO 14079 --- [restartedMain] com.zaxxer.hikari.pool.HikariPool        : HikariPool-1 - Added connection conn0: url=jdbc:h2:mem:paymentDb user=API
2024-01-13T01:16:24.402-06:00  INFO 14079 --- [restartedMain] com.zaxxer.hikari.HikariDataSource       : HikariPool-1 - Start completed.
2024-01-13T01:16:24.416-06:00  INFO 14079 --- [restartedMain] o.s.b.a.h2.H2ConsoleAutoConfiguration    : H2 console available at '/h2-console'. Database available at 'jdbc:h2:mem:paymentDb'
2024-01-13T01:16:24.734-06:00  INFO 14079 --- [restartedMain] o.hibernate.jpa.internal.util.LogHelper  : HHH000204: Processing PersistenceUnitInfo [name: default]
2024-01-13T01:16:24.790-06:00  INFO 14079 --- [restartedMain] org.hibernate.Version                    : HHH000412: Hibernate ORM core version 6.4.1.Final
2024-01-13T01:16:24.825-06:00  INFO 14079 --- [restartedMain] o.h.c.internal.RegionFactoryInitiator    : HHH000026: Second-level cache disabled
2024-01-13T01:16:25.103-06:00  INFO 14079 --- [restartedMain] o.s.o.j.p.SpringPersistenceUnitInfo      : No LoadTimeWeaver setup: ignoring JPA class transformer
2024-01-13T01:16:26.086-06:00  INFO 14079 --- [restartedMain] o.h.e.t.j.p.i.JtaPlatformInitiator       : HHH000489: No JTA platform available (set 'hibernate.transaction.jta.platform' to enable JTA platform integration)
2024-01-13T01:16:26.122-06:00  INFO 14079 --- [restartedMain] j.LocalContainerEntityManagerFactoryBean : Initialized JPA EntityManagerFactory for persistence unit 'default'
2024-01-13T01:16:26.880-06:00  WARN 14079 --- [restartedMain] JpaBaseConfiguration$JpaWebConfiguration : spring.jpa.open-in-view is enabled by default. Therefore, database queries may be performed during view rendering. Explicitly configure spring.jpa.open-in-view to disable this warning
2024-01-13T01:16:29.157-06:00  INFO 14079 --- [restartedMain] o.s.b.d.a.OptionalLiveReloadServer       : LiveReload server is running on port 35729
2024-01-13T01:16:29.188-06:00  INFO 14079 --- [restartedMain] o.s.b.a.e.web.EndpointLinksResolver      : Exposing 14 endpoint(s) beneath base path '/actuator'
2024-01-13T01:16:29.374-06:00  INFO 14079 --- [restartedMain] o.s.b.w.embedded.tomcat.TomcatWebServer  : Tomcat started on port 8080 (http) with context path ''
2024-01-13T01:16:29.403-06:00  INFO 14079 --- [restartedMain] c.e.PaymentAPI.PaymentApiApplication     : Started PaymentApiApplication in 8.659 seconds (process running for 9.436)
2024-01-13T01:16:32.669-06:00  INFO 14079 --- [http-nio-8080-exec-1] o.a.c.c.C.[Tomcat].[localhost].[/]       : Initializing Spring DispatcherServlet 'dispatcherServlet'
2024-01-13T01:16:32.670-06:00  INFO 14079 --- [http-nio-8080-exec-1] o.s.web.servlet.DispatcherServlet        : Initializing Servlet 'dispatcherServlet'
2024-01-13T01:16:32.671-06:00  INFO 14079 --- [http-nio-8080-exec-1] o.s.web.servlet.DispatcherServlet        : Completed initialization in 1 ms
2024-01-13T01:16:32.685-06:00  INFO 14079 --- [http-nio-8080-exec-1] c.e.P.aop.PerformanceTrackerHandler      : Execution started...
2024-01-13T01:16:32.822-06:00  INFO 14079 --- [http-nio-8080-exec-1] c.e.P.aop.PerformanceTrackerHandler      : Execution started...
2024-01-13T01:16:32.947-06:00  INFO 14079 --- [http-nio-8080-exec-1] c.e.P.aop.PerformanceTrackerHandler      : Execution stopped create.payment duration 125
2024-01-13T01:16:39.464-06:00  INFO 14079 --- [http-nio-8080-exec-1] c.e.P.aop.PerformanceTrackerHandler      : Execution stopped http.server.requests duration 6779
2024-01-13T01:53:02.007-06:00  WARN 14079 --- [HikariPool-1 housekeeper] com.zaxxer.hikari.pool.HikariPool        : HikariPool-1 - Thread starvation or clock leap detected (housekeeper delta=2m37s299ms).
2024-01-13T01:53:51.444-06:00  WARN 14079 --- [HikariPool-1 housekeeper] com.zaxxer.hikari.pool.HikariPool        : HikariPool-1 - Thread starvation or clock leap detected (housekeeper delta=49s444ms).
2024-01-13T02:51:40.522-06:00  INFO 14079 --- [http-nio-8080-exec-4] c.e.P.aop.PerformanceTrackerHandler      : Execution started...
2024-01-13T02:51:40.790-06:00  INFO 14079 --- [http-nio-8080-exec-4] c.e.P.aop.PerformanceTrackerHandler      : Execution started...
2024-01-13T02:51:40.906-06:00  INFO 14079 --- [http-nio-8080-exec-4] c.e.P.aop.PerformanceTrackerHandler      : Execution stopped create.payment duration 115
2024-01-13T02:51:47.848-06:00  INFO 14079 --- [http-nio-8080-exec-4] c.e.P.aop.PerformanceTrackerHandler      : Execution stopped http.server.requests duration 7317
2024-01-13T02:51:47.855-06:00  INFO 14079 --- [http-nio-8080-exec-5] c.e.P.aop.PerformanceTrackerHandler      : Execution started...
2024-01-13T02:51:47.857-06:00  INFO 14079 --- [http-nio-8080-exec-5] c.e.P.aop.PerformanceTrackerHandler      : Execution started...
2024-01-13T02:51:47.917-06:00  INFO 14079 --- [http-nio-8080-exec-5] c.e.P.aop.PerformanceTrackerHandler      : Execution stopped create.payment duration 60
2024-01-13T02:51:49.374-06:00  INFO 14079 --- [http-nio-8080-exec-5] c.e.P.aop.PerformanceTrackerHandler      : Execution stopped http.server.requests duration 1519
2024-01-13T02:51:49.379-06:00  INFO 14079 --- [http-nio-8080-exec-6] c.e.P.aop.PerformanceTrackerHandler      : Execution started...
2024-01-13T02:51:49.382-06:00  INFO 14079 --- [http-nio-8080-exec-6] c.e.P.aop.PerformanceTrackerHandler      : Execution started...
2024-01-13T02:51:49.385-06:00  INFO 14079 --- [http-nio-8080-exec-6] c.e.P.aop.PerformanceTrackerHandler      : Execution stopped create.payment duration 3
2024-01-13T02:51:50.705-06:00  INFO 14079 --- [http-nio-8080-exec-6] c.e.P.aop.PerformanceTrackerHandler      : Execution stopped http.server.requests duration 1326
2024-01-13T02:51:50.708-06:00  INFO 14079 --- [http-nio-8080-exec-7] c.e.P.aop.PerformanceTrackerHandler      : Execution started...
2024-01-13T02:51:50.710-06:00  INFO 14079 --- [http-nio-8080-exec-7] c.e.P.aop.PerformanceTrackerHandler      : Execution started...
2024-01-13T02:51:50.713-06:00  INFO 14079 --- [http-nio-8080-exec-7] c.e.P.aop.PerformanceTrackerHandler      : Execution stopped create.payment duration 3
2024-01-13T02:51:57.105-06:00  INFO 14079 --- [http-nio-8080-exec-7] c.e.P.aop.PerformanceTrackerHandler      : Execution stopped http.server.requests duration 6397
2024-01-13T02:51:57.108-06:00  INFO 14079 --- [http-nio-8080-exec-8] c.e.P.aop.PerformanceTrackerHandler      : Execution started...
2024-01-13T02:51:57.110-06:00  INFO 14079 --- [http-nio-8080-exec-8] c.e.P.aop.PerformanceTrackerHandler      : Execution started...
2024-01-13T02:51:57.112-06:00  INFO 14079 --- [http-nio-8080-exec-8] c.e.P.aop.PerformanceTrackerHandler      : Execution stopped create.payment duration 2
2024-01-13T02:51:58.329-06:00  INFO 14079 --- [http-nio-8080-exec-8] c.e.P.aop.PerformanceTrackerHandler      : Execution stopped http.server.requests duration 1221
2024-01-13T02:51:58.332-06:00  INFO 14079 --- [http-nio-8080-exec-9] c.e.P.aop.PerformanceTrackerHandler      : Execution started...
2024-01-13T02:51:58.334-06:00  INFO 14079 --- [http-nio-8080-exec-9] c.e.P.aop.PerformanceTrackerHandler      : Execution started...
2024-01-13T02:51:58.337-06:00  INFO 14079 --- [http-nio-8080-exec-9] c.e.P.aop.PerformanceTrackerHandler      : Execution stopped create.payment duration 3
2024-01-13T02:51:59.769-06:00  INFO 14079 --- [http-nio-8080-exec-9] c.e.P.aop.PerformanceTrackerHandler      : Execution stopped http.server.requests duration 1436
2024-01-13T02:51:59.774-06:00  INFO 14079 --- [http-nio-8080-exec-10] c.e.P.aop.PerformanceTrackerHandler      : Execution started...
2024-01-13T02:51:59.777-06:00  INFO 14079 --- [http-nio-8080-exec-10] c.e.P.aop.PerformanceTrackerHandler      : Execution started...
2024-01-13T02:51:59.780-06:00  INFO 14079 --- [http-nio-8080-exec-10] c.e.P.aop.PerformanceTrackerHandler      : Execution stopped create.payment duration 3
2024-01-13T02:52:01.048-06:00  INFO 14079 --- [http-nio-8080-exec-10] c.e.P.aop.PerformanceTrackerHandler      : Execution stopped http.server.requests duration 1274
2024-01-13T02:52:28.639-06:00  INFO 14079 --- [http-nio-8080-exec-1] c.e.P.aop.PerformanceTrackerHandler      : Execution started...
2024-01-13T02:52:28.642-06:00  INFO 14079 --- [http-nio-8080-exec-2] c.e.P.aop.PerformanceTrackerHandler      : Execution started...
2024-01-13T02:52:28.733-06:00  INFO 14079 --- [http-nio-8080-exec-1] c.e.P.aop.PerformanceTrackerHandler      : Execution stopped http.server.requests duration 92
2024-01-13T02:52:28.734-06:00  INFO 14079 --- [http-nio-8080-exec-2] c.e.P.aop.PerformanceTrackerHandler      : Execution stopped http.server.requests duration 90
2024-01-13T02:52:28.776-06:00  INFO 14079 --- [http-nio-8080-exec-3] c.e.P.aop.PerformanceTrackerHandler      : Execution started...
2024-01-13T02:52:28.804-06:00  INFO 14079 --- [http-nio-8080-exec-3] c.e.P.aop.PerformanceTrackerHandler      : Execution stopped http.server.requests duration 27
2024-01-13T02:52:28.811-06:00  INFO 14079 --- [http-nio-8080-exec-4] c.e.P.aop.PerformanceTrackerHandler      : Execution started...
2024-01-13T02:52:28.815-06:00  INFO 14079 --- [http-nio-8080-exec-4] c.e.P.aop.PerformanceTrackerHandler      : Execution stopped http.server.requests duration 4
2024-01-13T02:52:28.841-06:00  INFO 14079 --- [http-nio-8080-exec-5] c.e.P.aop.PerformanceTrackerHandler      : Execution started...
2024-01-13T02:52:28.854-06:00  INFO 14079 --- [http-nio-8080-exec-5] c.e.P.aop.PerformanceTrackerHandler      : Execution stopped http.server.requests duration 13
2024-01-13T02:52:28.887-06:00  INFO 14079 --- [http-nio-8080-exec-6] c.e.P.aop.PerformanceTrackerHandler      : Execution started...
2024-01-13T02:52:28.891-06:00  INFO 14079 --- [http-nio-8080-exec-6] c.e.P.aop.PerformanceTrackerHandler      : Execution stopped http.server.requests duration 4
2024-01-13T02:52:29.014-06:00  INFO 14079 --- [http-nio-8080-exec-7] c.e.P.aop.PerformanceTrackerHandler      : Execution started...
2024-01-13T02:52:29.015-06:00  INFO 14079 --- [http-nio-8080-exec-7] c.e.P.aop.PerformanceTrackerHandler      : Execution stopped http.server.requests duration 1
2024-01-13T02:52:32.557-06:00  INFO 14079 --- [http-nio-8080-exec-8] c.e.P.aop.PerformanceTrackerHandler      : Execution started...
2024-01-13T02:52:32.575-06:00  INFO 14079 --- [http-nio-8080-exec-8] c.e.P.aop.PerformanceTrackerHandler      : Execution stopped http.server.requests duration 18
2024-01-13T02:52:32.611-06:00  INFO 14079 --- [http-nio-8080-exec-9] c.e.P.aop.PerformanceTrackerHandler      : Execution started...
2024-01-13T02:52:32.613-06:00  INFO 14079 --- [http-nio-8080-exec-10] c.e.P.aop.PerformanceTrackerHandler      : Execution started...
2024-01-13T02:52:32.614-06:00  INFO 14079 --- [http-nio-8080-exec-9] c.e.P.aop.PerformanceTrackerHandler      : Execution stopped http.server.requests duration 2
2024-01-13T02:52:32.616-06:00  INFO 14079 --- [http-nio-8080-exec-2] c.e.P.aop.PerformanceTrackerHandler      : Execution started...
2024-01-13T02:52:32.618-06:00  INFO 14079 --- [http-nio-8080-exec-1] c.e.P.aop.PerformanceTrackerHandler      : Execution started...
2024-01-13T02:52:32.620-06:00  INFO 14079 --- [http-nio-8080-exec-2] c.e.P.aop.PerformanceTrackerHandler      : Execution stopped http.server.requests duration 4
2024-01-13T02:52:32.625-06:00  INFO 14079 --- [http-nio-8080-exec-1] c.e.P.aop.PerformanceTrackerHandler      : Execution stopped http.server.requests duration 7
2024-01-13T02:52:32.627-06:00  INFO 14079 --- [http-nio-8080-exec-3] c.e.P.aop.PerformanceTrackerHandler      : Execution started...
2024-01-13T02:52:32.628-06:00  INFO 14079 --- [http-nio-8080-exec-4] c.e.P.aop.PerformanceTrackerHandler      : Execution started...
2024-01-13T02:52:32.629-06:00  INFO 14079 --- [http-nio-8080-exec-3] c.e.P.aop.PerformanceTrackerHandler      : Execution stopped http.server.requests duration 2
2024-01-13T02:52:32.631-06:00  INFO 14079 --- [http-nio-8080-exec-5] c.e.P.aop.PerformanceTrackerHandler      : Execution started...
2024-01-13T02:52:32.633-06:00  INFO 14079 --- [http-nio-8080-exec-6] c.e.P.aop.PerformanceTrackerHandler      : Execution started...
2024-01-13T02:52:32.633-06:00  INFO 14079 --- [http-nio-8080-exec-7] c.e.P.aop.PerformanceTrackerHandler      : Execution started...
2024-01-13T02:52:32.633-06:00  INFO 14079 --- [http-nio-8080-exec-4] c.e.P.aop.PerformanceTrackerHandler      : Execution stopped http.server.requests duration 4
2024-01-13T02:52:32.634-06:00  INFO 14079 --- [http-nio-8080-exec-8] c.e.P.aop.PerformanceTrackerHandler      : Execution started...
2024-01-13T02:52:32.635-06:00  INFO 14079 --- [http-nio-8080-exec-5] c.e.P.aop.PerformanceTrackerHandler      : Execution stopped http.server.requests duration 4
2024-01-13T02:52:32.637-06:00  INFO 14079 --- [http-nio-8080-exec-6] c.e.P.aop.PerformanceTrackerHandler      : Execution stopped http.server.requests duration 4
2024-01-13T02:52:32.637-06:00  INFO 14079 --- [http-nio-8080-exec-7] c.e.P.aop.PerformanceTrackerHandler      : Execution stopped http.server.requests duration 4
2024-01-13T02:52:32.638-06:00  INFO 14079 --- [http-nio-8080-exec-9] c.e.P.aop.PerformanceTrackerHandler      : Execution started...
2024-01-13T02:52:32.640-06:00  INFO 14079 --- [http-nio-8080-exec-8] c.e.P.aop.PerformanceTrackerHandler      : Execution stopped http.server.requests duration 4
2024-01-13T02:52:32.641-06:00  INFO 14079 --- [http-nio-8080-exec-2] c.e.P.aop.PerformanceTrackerHandler      : Execution started...
2024-01-13T02:52:32.641-06:00  INFO 14079 --- [http-nio-8080-exec-3] c.e.P.aop.PerformanceTrackerHandler      : Execution started...
2024-01-13T02:52:32.641-06:00  INFO 14079 --- [http-nio-8080-exec-1] c.e.P.aop.PerformanceTrackerHandler      : Execution started...
2024-01-13T02:52:32.641-06:00  INFO 14079 --- [http-nio-8080-exec-9] c.e.P.aop.PerformanceTrackerHandler      : Execution stopped http.server.requests duration 3
2024-01-13T02:52:32.645-06:00  INFO 14079 --- [http-nio-8080-exec-2] c.e.P.aop.PerformanceTrackerHandler      : Execution stopped http.server.requests duration 3
2024-01-13T02:52:32.645-06:00  INFO 14079 --- [http-nio-8080-exec-3] c.e.P.aop.PerformanceTrackerHandler      : Execution stopped http.server.requests duration 4
2024-01-13T02:52:32.645-06:00  INFO 14079 --- [http-nio-8080-exec-1] c.e.P.aop.PerformanceTrackerHandler      : Execution stopped http.server.requests duration 4
2024-01-13T02:52:32.760-06:00  INFO 14079 --- [http-nio-8080-exec-10] c.e.P.aop.PerformanceTrackerHandler      : Execution stopped http.server.requests duration 147
2024-01-13T02:52:32.768-06:00  INFO 14079 --- [http-nio-8080-exec-4] c.e.P.aop.PerformanceTrackerHandler      : Execution started...
2024-01-13T02:52:32.771-06:00  INFO 14079 --- [http-nio-8080-exec-4] c.e.P.aop.PerformanceTrackerHandler      : Execution stopped http.server.requests duration 3
2024-01-13T02:52:32.785-06:00  INFO 14079 --- [http-nio-8080-exec-5] c.e.P.aop.PerformanceTrackerHandler      : Execution started...
2024-01-13T02:52:32.785-06:00  INFO 14079 --- [http-nio-8080-exec-6] c.e.P.aop.PerformanceTrackerHandler      : Execution started...
2024-01-13T02:52:32.788-06:00  INFO 14079 --- [http-nio-8080-exec-7] c.e.P.aop.PerformanceTrackerHandler      : Execution started...
2024-01-13T02:52:32.789-06:00  INFO 14079 --- [http-nio-8080-exec-8] c.e.P.aop.PerformanceTrackerHandler      : Execution started...
2024-01-13T02:52:32.791-06:00  INFO 14079 --- [http-nio-8080-exec-9] c.e.P.aop.PerformanceTrackerHandler      : Execution started...
2024-01-13T02:52:32.794-06:00  INFO 14079 --- [http-nio-8080-exec-8] c.e.P.aop.PerformanceTrackerHandler      : Execution stopped http.server.requests duration 5
2024-01-13T02:52:32.794-06:00  INFO 14079 --- [http-nio-8080-exec-7] c.e.P.aop.PerformanceTrackerHandler      : Execution stopped http.server.requests duration 6
2024-01-13T02:52:32.794-06:00  INFO 14079 --- [http-nio-8080-exec-6] c.e.P.aop.PerformanceTrackerHandler      : Execution stopped http.server.requests duration 8
2024-01-13T02:52:32.795-06:00  INFO 14079 --- [http-nio-8080-exec-9] c.e.P.aop.PerformanceTrackerHandler      : Execution stopped http.server.requests duration 3
2024-01-13T02:52:32.796-06:00  INFO 14079 --- [http-nio-8080-exec-5] c.e.P.aop.PerformanceTrackerHandler      : Execution stopped http.server.requests duration 11
2024-01-13T02:52:32.798-06:00  INFO 14079 --- [http-nio-8080-exec-2] c.e.P.aop.PerformanceTrackerHandler      : Execution started...
2024-01-13T02:52:32.799-06:00  INFO 14079 --- [http-nio-8080-exec-3] c.e.P.aop.PerformanceTrackerHandler      : Execution started...
2024-01-13T02:52:32.799-06:00  INFO 14079 --- [http-nio-8080-exec-1] c.e.P.aop.PerformanceTrackerHandler      : Execution started...
2024-01-13T02:52:32.800-06:00  INFO 14079 --- [http-nio-8080-exec-1] c.e.P.aop.PerformanceTrackerHandler      : Execution stopped http.server.requests duration 1
2024-01-13T02:52:32.801-06:00  INFO 14079 --- [http-nio-8080-exec-10] c.e.P.aop.PerformanceTrackerHandler      : Execution started...
2024-01-13T02:52:32.801-06:00  INFO 14079 --- [http-nio-8080-exec-3] c.e.P.aop.PerformanceTrackerHandler      : Execution stopped http.server.requests duration 2
2024-01-13T02:52:32.802-06:00  INFO 14079 --- [http-nio-8080-exec-1] c.e.P.aop.PerformanceTrackerHandler      : Execution started...
2024-01-13T02:52:32.804-06:00  INFO 14079 --- [http-nio-8080-exec-1] c.e.P.aop.PerformanceTrackerHandler      : Execution stopped http.server.requests duration 2
2024-01-13T02:52:32.805-06:00  INFO 14079 --- [http-nio-8080-exec-2] c.e.P.aop.PerformanceTrackerHandler      : Execution stopped http.server.requests duration 6
2024-01-13T02:52:32.805-06:00  INFO 14079 --- [http-nio-8080-exec-8] c.e.P.aop.PerformanceTrackerHandler      : Execution started...
2024-01-13T02:52:32.805-06:00  INFO 14079 --- [http-nio-8080-exec-1] c.e.P.aop.PerformanceTrackerHandler      : Execution started...
2024-01-13T02:52:32.804-06:00  INFO 14079 --- [http-nio-8080-exec-10] c.e.P.aop.PerformanceTrackerHandler      : Execution stopped http.server.requests duration 3
2024-01-13T02:52:32.807-06:00  INFO 14079 --- [http-nio-8080-exec-10] c.e.P.aop.PerformanceTrackerHandler      : Execution started...
2024-01-13T02:52:32.808-06:00  INFO 14079 --- [http-nio-8080-exec-9] c.e.P.aop.PerformanceTrackerHandler      : Execution started...
2024-01-13T02:52:32.809-06:00  INFO 14079 --- [http-nio-8080-exec-1] c.e.P.aop.PerformanceTrackerHandler      : Execution stopped http.server.requests duration 3
2024-01-13T02:52:32.810-06:00  INFO 14079 --- [http-nio-8080-exec-8] c.e.P.aop.PerformanceTrackerHandler      : Execution stopped http.server.requests duration 5
2024-01-13T02:52:32.811-06:00  INFO 14079 --- [http-nio-8080-exec-9] c.e.P.aop.PerformanceTrackerHandler      : Execution stopped http.server.requests duration 3
2024-01-13T02:52:32.811-06:00  INFO 14079 --- [http-nio-8080-exec-10] c.e.P.aop.PerformanceTrackerHandler      : Execution stopped http.server.requests duration 3
2024-01-13T02:52:37.203-06:00  INFO 14079 --- [http-nio-8080-exec-5] c.e.P.aop.PerformanceTrackerHandler      : Execution started...
2024-01-13T02:52:37.223-06:00  INFO 14079 --- [http-nio-8080-exec-5] c.e.P.aop.PerformanceTrackerHandler      : Execution stopped http.server.requests duration 20
2024-01-13T02:52:37.230-06:00  INFO 14079 --- [http-nio-8080-exec-3] c.e.P.aop.PerformanceTrackerHandler      : Execution started...
2024-01-13T02:52:37.233-06:00  INFO 14079 --- [http-nio-8080-exec-3] c.e.P.aop.PerformanceTrackerHandler      : Execution stopped http.server.requests duration 3
2024-01-13T03:00:35.755-06:00  INFO 14079 --- [http-nio-8080-exec-9] c.e.P.aop.PerformanceTrackerHandler      : Execution started...
2024-01-13T03:00:35.771-06:00  INFO 14079 --- [http-nio-8080-exec-9] c.e.P.aop.PerformanceTrackerHandler      : Execution started...
2024-01-13T03:00:35.777-06:00  INFO 14079 --- [http-nio-8080-exec-9] c.e.P.aop.PerformanceTrackerHandler      : Execution stopped create.payment duration 5
2024-01-13T03:00:42.180-06:00  INFO 14079 --- [http-nio-8080-exec-9] c.e.P.aop.PerformanceTrackerHandler      : Execution stopped http.server.requests duration 6423
2024-01-13T03:00:42.189-06:00  INFO 14079 --- [http-nio-8080-exec-5] c.e.P.aop.PerformanceTrackerHandler      : Execution started...
2024-01-13T03:00:42.191-06:00  INFO 14079 --- [http-nio-8080-exec-5] c.e.P.aop.PerformanceTrackerHandler      : Execution started...
2024-01-13T03:00:42.194-06:00  INFO 14079 --- [http-nio-8080-exec-5] c.e.P.aop.PerformanceTrackerHandler      : Execution stopped create.payment duration 2
2024-01-13T03:00:43.407-06:00  INFO 14079 --- [http-nio-8080-exec-5] c.e.P.aop.PerformanceTrackerHandler      : Execution stopped http.server.requests duration 1218
2024-01-13T03:00:43.411-06:00  INFO 14079 --- [http-nio-8080-exec-3] c.e.P.aop.PerformanceTrackerHandler      : Execution started...
2024-01-13T03:00:43.417-06:00  INFO 14079 --- [http-nio-8080-exec-3] c.e.P.aop.PerformanceTrackerHandler      : Execution started...
2024-01-13T03:00:43.420-06:00  INFO 14079 --- [http-nio-8080-exec-3] c.e.P.aop.PerformanceTrackerHandler      : Execution stopped create.payment duration 3
2024-01-13T03:00:44.829-06:00  INFO 14079 --- [http-nio-8080-exec-3] c.e.P.aop.PerformanceTrackerHandler      : Execution stopped http.server.requests duration 1417
2024-01-13T03:00:44.834-06:00  INFO 14079 --- [http-nio-8080-exec-4] c.e.P.aop.PerformanceTrackerHandler      : Execution started...
2024-01-13T03:00:44.837-06:00  INFO 14079 --- [http-nio-8080-exec-4] c.e.P.aop.PerformanceTrackerHandler      : Execution started...
2024-01-13T03:00:44.840-06:00  INFO 14079 --- [http-nio-8080-exec-4] c.e.P.aop.PerformanceTrackerHandler      : Execution stopped create.payment duration 3
2024-01-13T03:00:46.134-06:00  INFO 14079 --- [http-nio-8080-exec-4] c.e.P.aop.PerformanceTrackerHandler      : Execution stopped http.server.requests duration 1300
2024-01-13T03:00:46.138-06:00  INFO 14079 --- [http-nio-8080-exec-2] c.e.P.aop.PerformanceTrackerHandler      : Execution started...
2024-01-13T03:00:46.142-06:00  INFO 14079 --- [http-nio-8080-exec-2] c.e.P.aop.PerformanceTrackerHandler      : Execution started...
2024-01-13T03:00:46.149-06:00  INFO 14079 --- [http-nio-8080-exec-2] c.e.P.aop.PerformanceTrackerHandler      : Execution stopped create.payment duration 5
2024-01-13T03:00:52.465-06:00  INFO 14079 --- [http-nio-8080-exec-2] c.e.P.aop.PerformanceTrackerHandler      : Execution stopped http.server.requests duration 6326
2024-01-13T03:00:52.469-06:00  INFO 14079 --- [http-nio-8080-exec-6] c.e.P.aop.PerformanceTrackerHandler      : Execution started...
2024-01-13T03:00:52.472-06:00  INFO 14079 --- [http-nio-8080-exec-6] c.e.P.aop.PerformanceTrackerHandler      : Execution started...
2024-01-13T03:00:52.477-06:00  INFO 14079 --- [http-nio-8080-exec-6] c.e.P.aop.PerformanceTrackerHandler      : Execution stopped create.payment duration 5
2024-01-13T03:00:53.853-06:00  INFO 14079 --- [http-nio-8080-exec-6] c.e.P.aop.PerformanceTrackerHandler      : Execution stopped http.server.requests duration 1384
2024-01-13T03:00:53.855-06:00  INFO 14079 --- [http-nio-8080-exec-7] c.e.P.aop.PerformanceTrackerHandler      : Execution started...
2024-01-13T03:00:53.857-06:00  INFO 14079 --- [http-nio-8080-exec-7] c.e.P.aop.PerformanceTrackerHandler      : Execution started...
2024-01-13T03:00:53.861-06:00  INFO 14079 --- [http-nio-8080-exec-7] c.e.P.aop.PerformanceTrackerHandler      : Execution stopped create.payment duration 3
2024-01-13T03:00:55.012-06:00  INFO 14079 --- [http-nio-8080-exec-7] c.e.P.aop.PerformanceTrackerHandler      : Execution stopped http.server.requests duration 1156
2024-01-13T03:00:55.016-06:00  INFO 14079 --- [http-nio-8080-exec-1] c.e.P.aop.PerformanceTrackerHandler      : Execution started...
2024-01-13T03:00:55.097-06:00  WARN 14079 --- [http-nio-8080-exec-1] .w.s.m.s.DefaultHandlerExceptionResolver : Resolved [org.springframework.web.HttpRequestMethodNotSupportedException: Request method 'PUT' is not supported]
2024-01-13T03:00:55.101-06:00  INFO 14079 --- [http-nio-8080-exec-1] c.e.P.aop.PerformanceTrackerHandler      : Execution stopped http.server.requests duration 85
2024-01-13T03:02:10.346-06:00  INFO 14079 --- [http-nio-8080-exec-10] c.e.P.aop.PerformanceTrackerHandler      : Execution started...
2024-01-13T03:02:10.363-06:00  INFO 14079 --- [http-nio-8080-exec-10] c.e.P.aop.PerformanceTrackerHandler      : Execution started...
2024-01-13T03:02:10.366-06:00  INFO 14079 --- [http-nio-8080-exec-10] c.e.P.aop.PerformanceTrackerHandler      : Execution stopped create.payment duration 3
2024-01-13T03:02:17.048-06:00  INFO 14079 --- [http-nio-8080-exec-10] c.e.P.aop.PerformanceTrackerHandler      : Execution stopped http.server.requests duration 6702
2024-01-13T03:02:17.055-06:00  INFO 14079 --- [http-nio-8080-exec-9] c.e.P.aop.PerformanceTrackerHandler      : Execution started...
2024-01-13T03:02:17.057-06:00  INFO 14079 --- [http-nio-8080-exec-9] c.e.P.aop.PerformanceTrackerHandler      : Execution started...
2024-01-13T03:02:17.060-06:00  INFO 14079 --- [http-nio-8080-exec-9] c.e.P.aop.PerformanceTrackerHandler      : Execution stopped create.payment duration 2
2024-01-13T03:02:18.527-06:00  INFO 14079 --- [http-nio-8080-exec-9] c.e.P.aop.PerformanceTrackerHandler      : Execution stopped http.server.requests duration 1471
2024-01-13T03:02:18.530-06:00  INFO 14079 --- [http-nio-8080-exec-5] c.e.P.aop.PerformanceTrackerHandler      : Execution started...
2024-01-13T03:02:18.534-06:00  INFO 14079 --- [http-nio-8080-exec-5] c.e.P.aop.PerformanceTrackerHandler      : Execution started...
2024-01-13T03:02:18.537-06:00  INFO 14079 --- [http-nio-8080-exec-5] c.e.P.aop.PerformanceTrackerHandler      : Execution stopped create.payment duration 2
2024-01-13T03:02:19.975-06:00  INFO 14079 --- [http-nio-8080-exec-5] c.e.P.aop.PerformanceTrackerHandler      : Execution stopped http.server.requests duration 1445
2024-01-13T03:02:19.978-06:00  INFO 14079 --- [http-nio-8080-exec-3] c.e.P.aop.PerformanceTrackerHandler      : Execution started...
2024-01-13T03:02:19.981-06:00  INFO 14079 --- [http-nio-8080-exec-3] c.e.P.aop.PerformanceTrackerHandler      : Execution started...
2024-01-13T03:02:19.984-06:00  INFO 14079 --- [http-nio-8080-exec-3] c.e.P.aop.PerformanceTrackerHandler      : Execution stopped create.payment duration 3
2024-01-13T03:02:21.258-06:00  INFO 14079 --- [http-nio-8080-exec-3] c.e.P.aop.PerformanceTrackerHandler      : Execution stopped http.server.requests duration 1280
2024-01-13T03:02:21.260-06:00  INFO 14079 --- [http-nio-8080-exec-4] c.e.P.aop.PerformanceTrackerHandler      : Execution started...
2024-01-13T03:02:21.263-06:00  INFO 14079 --- [http-nio-8080-exec-4] c.e.P.aop.PerformanceTrackerHandler      : Execution started...
2024-01-13T03:02:21.265-06:00  INFO 14079 --- [http-nio-8080-exec-4] c.e.P.aop.PerformanceTrackerHandler      : Execution stopped create.payment duration 2
2024-01-13T03:02:27.860-06:00  INFO 14079 --- [http-nio-8080-exec-4] c.e.P.aop.PerformanceTrackerHandler      : Execution stopped http.server.requests duration 6599
2024-01-13T03:02:27.863-06:00  INFO 14079 --- [http-nio-8080-exec-2] c.e.P.aop.PerformanceTrackerHandler      : Execution started...
2024-01-13T03:02:27.867-06:00  INFO 14079 --- [http-nio-8080-exec-2] c.e.P.aop.PerformanceTrackerHandler      : Execution started...
2024-01-13T03:02:27.869-06:00  INFO 14079 --- [http-nio-8080-exec-2] c.e.P.aop.PerformanceTrackerHandler      : Execution stopped create.payment duration 2
2024-01-13T03:02:28.994-06:00  INFO 14079 --- [http-nio-8080-exec-2] c.e.P.aop.PerformanceTrackerHandler      : Execution stopped http.server.requests duration 1129
2024-01-13T03:02:28.997-06:00  INFO 14079 --- [http-nio-8080-exec-6] c.e.P.aop.PerformanceTrackerHandler      : Execution started...
2024-01-13T03:02:28.998-06:00  INFO 14079 --- [http-nio-8080-exec-6] c.e.P.aop.PerformanceTrackerHandler      : Execution started...
2024-01-13T03:02:29.006-06:00  INFO 14079 --- [http-nio-8080-exec-6] c.e.P.aop.PerformanceTrackerHandler      : Execution stopped create.payment duration 7
2024-01-13T03:02:30.228-06:00  INFO 14079 --- [http-nio-8080-exec-6] c.e.P.aop.PerformanceTrackerHandler      : Execution stopped http.server.requests duration 1231
2024-01-13T03:02:30.231-06:00  INFO 14079 --- [http-nio-8080-exec-7] c.e.P.aop.PerformanceTrackerHandler      : Execution started...
2024-01-13T03:02:30.256-06:00  INFO 14079 --- [http-nio-8080-exec-7] c.e.P.aop.PerformanceTrackerHandler      : Execution started...
2024-01-13T03:02:30.262-06:00  INFO 14079 --- [http-nio-8080-exec-7] c.e.P.aop.PerformanceTrackerHandler      : Execution stopped return.payment duration 5
2024-01-13T03:02:31.543-06:00  INFO 14079 --- [http-nio-8080-exec-7] c.e.P.aop.PerformanceTrackerHandler      : Execution stopped http.server.requests duration 1310
2024-01-13T03:02:31.547-06:00  INFO 14079 --- [http-nio-8080-exec-1] c.e.P.aop.PerformanceTrackerHandler      : Execution started...
2024-01-13T03:02:31.549-06:00  INFO 14079 --- [http-nio-8080-exec-1] c.e.P.aop.PerformanceTrackerHandler      : Execution started...
2024-01-13T03:02:31.554-06:00  INFO 14079 --- [http-nio-8080-exec-1] c.e.P.aop.PerformanceTrackerHandler      : Execution stopped return.payment duration 5
2024-01-13T03:02:37.760-06:00  INFO 14079 --- [http-nio-8080-exec-1] c.e.P.aop.PerformanceTrackerHandler      : Execution stopped http.server.requests duration 6212
2024-01-13T03:02:37.790-06:00  INFO 14079 --- [http-nio-8080-exec-8] c.e.P.aop.PerformanceTrackerHandler      : Execution started...
2024-01-13T03:02:37.807-06:00  INFO 14079 --- [http-nio-8080-exec-8] c.e.P.aop.PerformanceTrackerHandler      : Execution started...
2024-01-13T03:02:37.809-06:00  INFO 14079 --- [http-nio-8080-exec-8] c.e.P.aop.PerformanceTrackerHandler      : Execution stopped show.payment duration 2
2024-01-13T03:02:37.873-06:00  INFO 14079 --- [http-nio-8080-exec-8] c.e.P.aop.PerformanceTrackerHandler      : Execution stopped http.server.requests duration 83
2024-01-13T03:02:37.892-06:00  INFO 14079 --- [http-nio-8080-exec-10] c.e.P.aop.PerformanceTrackerHandler      : Execution started...
2024-01-13T03:02:37.894-06:00  INFO 14079 --- [http-nio-8080-exec-10] c.e.P.aop.PerformanceTrackerHandler      : Execution started...
2024-01-13T03:02:37.896-06:00  INFO 14079 --- [http-nio-8080-exec-10] c.e.P.aop.PerformanceTrackerHandler      : Execution stopped show.payment duration 2
2024-01-13T03:02:37.897-06:00  INFO 14079 --- [http-nio-8080-exec-10] c.e.P.aop.PerformanceTrackerHandler      : Execution stopped http.server.requests duration 4
2024-01-13T03:02:37.899-06:00  INFO 14079 --- [http-nio-8080-exec-9] c.e.P.aop.PerformanceTrackerHandler      : Execution started...
2024-01-13T03:02:37.900-06:00  INFO 14079 --- [http-nio-8080-exec-9] c.e.P.aop.PerformanceTrackerHandler      : Execution started...
2024-01-13T03:02:37.901-06:00  INFO 14079 --- [http-nio-8080-exec-9] c.e.P.aop.PerformanceTrackerHandler      : Execution stopped show.payment duration 1
2024-01-13T03:02:37.904-06:00  INFO 14079 --- [http-nio-8080-exec-9] c.e.P.aop.PerformanceTrackerHandler      : Execution stopped http.server.requests duration 5
2024-01-13T03:02:37.906-06:00  INFO 14079 --- [http-nio-8080-exec-5] c.e.P.aop.PerformanceTrackerHandler      : Execution started...
2024-01-13T03:02:37.907-06:00  INFO 14079 --- [http-nio-8080-exec-5] c.e.P.aop.PerformanceTrackerHandler      : Execution started...
2024-01-13T03:02:37.908-06:00  INFO 14079 --- [http-nio-8080-exec-5] c.e.P.aop.PerformanceTrackerHandler      : Execution stopped show.payment duration 1
2024-01-13T03:02:37.909-06:00  INFO 14079 --- [http-nio-8080-exec-5] c.e.P.aop.PerformanceTrackerHandler      : Execution stopped http.server.requests duration 3
2024-01-13T03:02:37.910-06:00  INFO 14079 --- [http-nio-8080-exec-3] c.e.P.aop.PerformanceTrackerHandler      : Execution started...
2024-01-13T03:02:37.911-06:00  INFO 14079 --- [http-nio-8080-exec-3] c.e.P.aop.PerformanceTrackerHandler      : Execution started...
2024-01-13T03:02:37.913-06:00  INFO 14079 --- [http-nio-8080-exec-3] c.e.P.aop.PerformanceTrackerHandler      : Execution stopped show.payment duration 1
2024-01-13T03:02:37.914-06:00  INFO 14079 --- [http-nio-8080-exec-3] c.e.P.aop.PerformanceTrackerHandler      : Execution stopped http.server.requests duration 3
2024-01-13T03:02:37.916-06:00  INFO 14079 --- [http-nio-8080-exec-4] c.e.P.aop.PerformanceTrackerHandler      : Execution started...
2024-01-13T03:02:37.917-06:00  INFO 14079 --- [http-nio-8080-exec-4] c.e.P.aop.PerformanceTrackerHandler      : Execution started...
2024-01-13T03:02:37.919-06:00  INFO 14079 --- [http-nio-8080-exec-4] c.e.P.aop.PerformanceTrackerHandler      : Execution stopped show.payment duration 1
2024-01-13T03:02:37.919-06:00  INFO 14079 --- [http-nio-8080-exec-4] c.e.P.aop.PerformanceTrackerHandler      : Execution stopped http.server.requests duration 3
2024-01-13T03:02:37.921-06:00  INFO 14079 --- [http-nio-8080-exec-2] c.e.P.aop.PerformanceTrackerHandler      : Execution started...
2024-01-13T03:02:37.922-06:00  INFO 14079 --- [http-nio-8080-exec-2] c.e.P.aop.PerformanceTrackerHandler      : Execution started...
2024-01-13T03:02:37.923-06:00  INFO 14079 --- [http-nio-8080-exec-2] c.e.P.aop.PerformanceTrackerHandler      : Execution stopped show.payment duration 1
2024-01-13T03:02:37.924-06:00  INFO 14079 --- [http-nio-8080-exec-2] c.e.P.aop.PerformanceTrackerHandler      : Execution stopped http.server.requests duration 3
2024-01-13T03:09:19.130-06:00  WARN 14079 --- [HikariPool-1 housekeeper] com.zaxxer.hikari.pool.HikariPool        : HikariPool-1 - Thread starvation or clock leap detected (housekeeper delta=1m55s161ms).
2024-01-13T03:09:55.129-06:00  INFO 14079 --- [http-nio-8080-exec-7] c.e.P.aop.PerformanceTrackerHandler      : Execution started...
2024-01-13T03:09:55.208-06:00  INFO 14079 --- [http-nio-8080-exec-7] c.e.P.aop.PerformanceTrackerHandler      : Execution stopped http.server.requests duration 78
2024-01-13T03:09:55.237-06:00  INFO 14079 --- [http-nio-8080-exec-1] c.e.P.aop.PerformanceTrackerHandler      : Execution started...
2024-01-13T03:09:55.238-06:00  INFO 14079 --- [http-nio-8080-exec-8] c.e.P.aop.PerformanceTrackerHandler      : Execution started...
2024-01-13T03:09:55.238-06:00  INFO 14079 --- [http-nio-8080-exec-1] c.e.P.aop.PerformanceTrackerHandler      : Execution stopped http.server.requests duration 1
2024-01-13T03:09:55.239-06:00  INFO 14079 --- [http-nio-8080-exec-8] c.e.P.aop.PerformanceTrackerHandler      : Execution stopped http.server.requests duration 1
2024-01-13T03:09:56.961-06:00  INFO 14079 --- [http-nio-8080-exec-10] c.e.P.aop.PerformanceTrackerHandler      : Execution started...
2024-01-13T03:09:56.973-06:00  INFO 14079 --- [http-nio-8080-exec-10] c.e.P.aop.PerformanceTrackerHandler      : Execution stopped http.server.requests duration 12
2024-01-13T03:09:57.144-06:00  INFO 14079 --- [http-nio-8080-exec-9] c.e.P.aop.PerformanceTrackerHandler      : Execution started...
2024-01-13T03:09:57.147-06:00  INFO 14079 --- [http-nio-8080-exec-9] c.e.P.aop.PerformanceTrackerHandler      : Execution stopped http.server.requests duration 2
2024-01-13T03:09:59.348-06:00  INFO 14079 --- [http-nio-8080-exec-5] c.e.P.aop.PerformanceTrackerHandler      : Execution started...
2024-01-13T03:09:59.460-06:00  INFO 14079 --- [http-nio-8080-exec-5] c.e.P.aop.PerformanceTrackerHandler      : Execution stopped http.server.requests duration 112
2024-01-13T03:09:59.562-06:00  INFO 14079 --- [http-nio-8080-exec-3] c.e.P.aop.PerformanceTrackerHandler      : Execution started...
2024-01-13T03:09:59.567-06:00  INFO 14079 --- [http-nio-8080-exec-3] c.e.P.aop.PerformanceTrackerHandler      : Execution stopped http.server.requests duration 5
2024-01-13T03:09:59.733-06:00  INFO 14079 --- [http-nio-8080-exec-4] c.e.P.aop.PerformanceTrackerHandler      : Execution started...
2024-01-13T03:09:59.737-06:00  INFO 14079 --- [http-nio-8080-exec-4] c.e.P.aop.PerformanceTrackerHandler      : Execution stopped http.server.requests duration 3
2024-01-13T03:10:00.347-06:00  INFO 14079 --- [http-nio-8080-exec-2] c.e.P.aop.PerformanceTrackerHandler      : Execution started...
2024-01-13T03:10:00.354-06:00  INFO 14079 --- [http-nio-8080-exec-2] c.e.P.aop.PerformanceTrackerHandler      : Execution stopped http.server.requests duration 7
2024-01-13T03:10:00.546-06:00  INFO 14079 --- [http-nio-8080-exec-6] c.e.P.aop.PerformanceTrackerHandler      : Execution started...
2024-01-13T03:10:00.549-06:00  INFO 14079 --- [http-nio-8080-exec-6] c.e.P.aop.PerformanceTrackerHandler      : Execution stopped http.server.requests duration 3
2024-01-13T03:10:00.713-06:00  INFO 14079 --- [http-nio-8080-exec-7] c.e.P.aop.PerformanceTrackerHandler      : Execution started...
2024-01-13T03:10:00.715-06:00  INFO 14079 --- [http-nio-8080-exec-7] c.e.P.aop.PerformanceTrackerHandler      : Execution stopped http.server.requests duration 1
2024-01-13T03:10:00.879-06:00  INFO 14079 --- [http-nio-8080-exec-8] c.e.P.aop.PerformanceTrackerHandler      : Execution started...
2024-01-13T03:10:00.881-06:00  INFO 14079 --- [http-nio-8080-exec-8] c.e.P.aop.PerformanceTrackerHandler      : Execution stopped http.server.requests duration 2
2024-01-13T03:10:01.079-06:00  INFO 14079 --- [http-nio-8080-exec-1] c.e.P.aop.PerformanceTrackerHandler      : Execution started...
2024-01-13T03:10:01.083-06:00  INFO 14079 --- [http-nio-8080-exec-1] c.e.P.aop.PerformanceTrackerHandler      : Execution stopped http.server.requests duration 3
2024-01-13T03:10:08.196-06:00  INFO 14079 --- [http-nio-8080-exec-10] c.e.P.aop.PerformanceTrackerHandler      : Execution started...
2024-01-13T03:10:08.198-06:00  INFO 14079 --- [http-nio-8080-exec-10] c.e.P.aop.PerformanceTrackerHandler      : Execution stopped http.server.requests duration 1
2024-01-13T03:10:08.209-06:00  INFO 14079 --- [http-nio-8080-exec-9] c.e.P.aop.PerformanceTrackerHandler      : Execution started...
2024-01-13T03:10:08.209-06:00  INFO 14079 --- [http-nio-8080-exec-9] c.e.P.aop.PerformanceTrackerHandler      : Execution stopped http.server.requests duration 0
2024-01-13T03:10:08.210-06:00  INFO 14079 --- [http-nio-8080-exec-5] c.e.P.aop.PerformanceTrackerHandler      : Execution started...
2024-01-13T03:10:08.212-06:00  INFO 14079 --- [http-nio-8080-exec-5] c.e.P.aop.PerformanceTrackerHandler      : Execution stopped http.server.requests duration 2
2024-01-13T03:10:08.396-06:00  INFO 14079 --- [http-nio-8080-exec-3] c.e.P.aop.PerformanceTrackerHandler      : Execution started...
2024-01-13T03:10:08.398-06:00  INFO 14079 --- [http-nio-8080-exec-3] c.e.P.aop.PerformanceTrackerHandler      : Execution stopped http.server.requests duration 1
2024-01-13T03:25:14.232-06:00  INFO 14079 --- [SpringApplicationShutdownHook] j.LocalContainerEntityManagerFactoryBean : Closing JPA EntityManagerFactory for persistence unit 'default'
2024-01-13T03:25:14.309-06:00  WARN 14079 --- [SpringApplicationShutdownHook] o.s.b.f.support.DisposableBeanAdapter    : Invocation of destroy method failed on bean with name 'inMemoryDatabaseShutdownExecutor': org.h2.jdbc.JdbcSQLNonTransientConnectionException: Database is already closed (to disable automatic closing at VM shutdown, add ";DB_CLOSE_ON_EXIT=FALSE" to the db URL) [90121-224]
2024-01-13T03:25:14.311-06:00  INFO 14079 --- [SpringApplicationShutdownHook] com.zaxxer.hikari.HikariDataSource       : HikariPool-1 - Shutdown initiated...
2024-01-13T03:25:14.316-06:00  INFO 14079 --- [SpringApplicationShutdownHook] com.zaxxer.hikari.HikariDataSource       : HikariPool-1 - Shutdown completed.
2024-01-13T03:54:23.442-06:00  INFO 15869 --- [restartedMain] c.e.PaymentAPI.PaymentApiApplication     : Starting PaymentApiApplication using Java 19.0.1 with PID 15869 (/Users/aabdelaziz/Desktop/paymentService/server/target/classes started by aabdelaziz in /Users/aabdelaziz/Desktop/paymentService/server)
2024-01-13T03:54:23.445-06:00  INFO 15869 --- [restartedMain] c.e.PaymentAPI.PaymentApiApplication     : No active profile set, falling back to 1 default profile: "default"
2024-01-13T03:54:23.511-06:00  INFO 15869 --- [restartedMain] .e.DevToolsPropertyDefaultsPostProcessor : Devtools property defaults active! Set 'spring.devtools.add-properties' to 'false' to disable
2024-01-13T03:54:23.512-06:00  INFO 15869 --- [restartedMain] .e.DevToolsPropertyDefaultsPostProcessor : For additional web related logging consider setting the 'logging.level.web' property to 'DEBUG'
2024-01-13T03:54:24.620-06:00  INFO 15869 --- [restartedMain] .s.d.r.c.RepositoryConfigurationDelegate : Bootstrapping Spring Data JPA repositories in DEFAULT mode.
2024-01-13T03:54:24.685-06:00  INFO 15869 --- [restartedMain] .s.d.r.c.RepositoryConfigurationDelegate : Finished Spring Data repository scanning in 55 ms. Found 1 JPA repository interface.
2024-01-13T03:54:25.837-06:00  INFO 15869 --- [restartedMain] o.s.b.w.embedded.tomcat.TomcatWebServer  : Tomcat initialized with port 8080 (http)
2024-01-13T03:54:25.850-06:00  INFO 15869 --- [restartedMain] o.apache.catalina.core.StandardService   : Starting service [Tomcat]
2024-01-13T03:54:25.851-06:00  INFO 15869 --- [restartedMain] o.apache.catalina.core.StandardEngine    : Starting Servlet engine: [Apache Tomcat/10.1.17]
2024-01-13T03:54:25.893-06:00  INFO 15869 --- [restartedMain] o.a.c.c.C.[Tomcat].[localhost].[/]       : Initializing Spring embedded WebApplicationContext
2024-01-13T03:54:25.893-06:00  INFO 15869 --- [restartedMain] w.s.c.ServletWebServerApplicationContext : Root WebApplicationContext: initialization completed in 2381 ms
2024-01-13T03:54:26.212-06:00  INFO 15869 --- [restartedMain] com.zaxxer.hikari.HikariDataSource       : HikariPool-1 - Starting...
2024-01-13T03:54:26.438-06:00  INFO 15869 --- [restartedMain] com.zaxxer.hikari.pool.HikariPool        : HikariPool-1 - Added connection conn0: url=jdbc:h2:mem:paymentDb user=API
2024-01-13T03:54:26.440-06:00  INFO 15869 --- [restartedMain] com.zaxxer.hikari.HikariDataSource       : HikariPool-1 - Start completed.
2024-01-13T03:54:26.452-06:00  INFO 15869 --- [restartedMain] o.s.b.a.h2.H2ConsoleAutoConfiguration    : H2 console available at '/h2-console'. Database available at 'jdbc:h2:mem:paymentDb'
2024-01-13T03:54:26.798-06:00  INFO 15869 --- [restartedMain] o.hibernate.jpa.internal.util.LogHelper  : HHH000204: Processing PersistenceUnitInfo [name: default]
2024-01-13T03:54:26.865-06:00  INFO 15869 --- [restartedMain] org.hibernate.Version                    : HHH000412: Hibernate ORM core version 6.4.1.Final
2024-01-13T03:54:26.903-06:00  INFO 15869 --- [restartedMain] o.h.c.internal.RegionFactoryInitiator    : HHH000026: Second-level cache disabled
2024-01-13T03:54:27.213-06:00  INFO 15869 --- [restartedMain] o.s.o.j.p.SpringPersistenceUnitInfo      : No LoadTimeWeaver setup: ignoring JPA class transformer
2024-01-13T03:54:28.105-06:00  INFO 15869 --- [restartedMain] o.h.e.t.j.p.i.JtaPlatformInitiator       : HHH000489: No JTA platform available (set 'hibernate.transaction.jta.platform' to enable JTA platform integration)
2024-01-13T03:54:28.146-06:00  INFO 15869 --- [restartedMain] j.LocalContainerEntityManagerFactoryBean : Initialized JPA EntityManagerFactory for persistence unit 'default'
2024-01-13T03:54:28.818-06:00  WARN 15869 --- [restartedMain] JpaBaseConfiguration$JpaWebConfiguration : spring.jpa.open-in-view is enabled by default. Therefore, database queries may be performed during view rendering. Explicitly configure spring.jpa.open-in-view to disable this warning
2024-01-13T03:54:30.578-06:00  INFO 15869 --- [restartedMain] o.s.b.d.a.OptionalLiveReloadServer       : LiveReload server is running on port 35729
2024-01-13T03:54:30.601-06:00  INFO 15869 --- [restartedMain] o.s.b.a.e.web.EndpointLinksResolver      : Exposing 14 endpoint(s) beneath base path '/actuator'
2024-01-13T03:54:30.697-06:00  INFO 15869 --- [restartedMain] o.s.b.w.embedded.tomcat.TomcatWebServer  : Tomcat started on port 8080 (http) with context path ''
2024-01-13T03:54:30.713-06:00  INFO 15869 --- [restartedMain] c.e.PaymentAPI.PaymentApiApplication     : Started PaymentApiApplication in 7.893 seconds (process running for 8.722)
2024-01-13T04:29:05.815-06:00  INFO 15869 --- [SpringApplicationShutdownHook] j.LocalContainerEntityManagerFactoryBean : Closing JPA EntityManagerFactory for persistence unit 'default'
2024-01-13T04:29:05.874-06:00  WARN 15869 --- [SpringApplicationShutdownHook] o.s.b.f.support.DisposableBeanAdapter    : Invocation of destroy method failed on bean with name 'inMemoryDatabaseShutdownExecutor': org.h2.jdbc.JdbcSQLNonTransientConnectionException: Database is already closed (to disable automatic closing at VM shutdown, add ";DB_CLOSE_ON_EXIT=FALSE" to the db URL) [90121-224]
2024-01-13T04:29:05.875-06:00  INFO 15869 --- [SpringApplicationShutdownHook] com.zaxxer.hikari.HikariDataSource       : HikariPool-1 - Shutdown initiated...
2024-01-13T04:29:05.878-06:00  INFO 15869 --- [SpringApplicationShutdownHook] com.zaxxer.hikari.HikariDataSource       : HikariPool-1 - Shutdown completed.
2024-01-13T04:29:10.631-06:00  INFO 16258 --- [restartedMain] c.e.PaymentAPI.PaymentApiApplication     : Starting PaymentApiApplication using Java 19.0.1 with PID 16258 (/Users/aabdelaziz/Desktop/paymentService/server/target/classes started by aabdelaziz in /Users/aabdelaziz/Desktop/paymentService/server)
2024-01-13T04:29:10.633-06:00  INFO 16258 --- [restartedMain] c.e.PaymentAPI.PaymentApiApplication     : No active profile set, falling back to 1 default profile: "default"
2024-01-13T04:29:10.698-06:00  INFO 16258 --- [restartedMain] .e.DevToolsPropertyDefaultsPostProcessor : Devtools property defaults active! Set 'spring.devtools.add-properties' to 'false' to disable
2024-01-13T04:29:10.698-06:00  INFO 16258 --- [restartedMain] .e.DevToolsPropertyDefaultsPostProcessor : For additional web related logging consider setting the 'logging.level.web' property to 'DEBUG'
2024-01-13T04:29:11.768-06:00  INFO 16258 --- [restartedMain] .s.d.r.c.RepositoryConfigurationDelegate : Bootstrapping Spring Data JPA repositories in DEFAULT mode.
2024-01-13T04:29:11.829-06:00  INFO 16258 --- [restartedMain] .s.d.r.c.RepositoryConfigurationDelegate : Finished Spring Data repository scanning in 53 ms. Found 1 JPA repository interface.
2024-01-13T04:29:12.944-06:00  INFO 16258 --- [restartedMain] o.s.b.w.embedded.tomcat.TomcatWebServer  : Tomcat initialized with port 8080 (http)
2024-01-13T04:29:12.958-06:00  INFO 16258 --- [restartedMain] o.apache.catalina.core.StandardService   : Starting service [Tomcat]
2024-01-13T04:29:12.958-06:00  INFO 16258 --- [restartedMain] o.apache.catalina.core.StandardEngine    : Starting Servlet engine: [Apache Tomcat/10.1.17]
2024-01-13T04:29:13.001-06:00  INFO 16258 --- [restartedMain] o.a.c.c.C.[Tomcat].[localhost].[/]       : Initializing Spring embedded WebApplicationContext
2024-01-13T04:29:13.001-06:00  INFO 16258 --- [restartedMain] w.s.c.ServletWebServerApplicationContext : Root WebApplicationContext: initialization completed in 2303 ms
2024-01-13T04:29:13.256-06:00  INFO 16258 --- [restartedMain] com.zaxxer.hikari.HikariDataSource       : HikariPool-1 - Starting...
2024-01-13T04:29:13.464-06:00  INFO 16258 --- [restartedMain] com.zaxxer.hikari.pool.HikariPool        : HikariPool-1 - Added connection conn0: url=jdbc:h2:mem:paymentDb user=API
2024-01-13T04:29:13.465-06:00  INFO 16258 --- [restartedMain] com.zaxxer.hikari.HikariDataSource       : HikariPool-1 - Start completed.
2024-01-13T04:29:13.477-06:00  INFO 16258 --- [restartedMain] o.s.b.a.h2.H2ConsoleAutoConfiguration    : H2 console available at '/h2-console'. Database available at 'jdbc:h2:mem:paymentDb'
2024-01-13T04:29:13.803-06:00  INFO 16258 --- [restartedMain] o.hibernate.jpa.internal.util.LogHelper  : HHH000204: Processing PersistenceUnitInfo [name: default]
2024-01-13T04:29:13.857-06:00  INFO 16258 --- [restartedMain] org.hibernate.Version                    : HHH000412: Hibernate ORM core version 6.4.1.Final
2024-01-13T04:29:13.893-06:00  INFO 16258 --- [restartedMain] o.h.c.internal.RegionFactoryInitiator    : HHH000026: Second-level cache disabled
2024-01-13T04:29:14.121-06:00  INFO 16258 --- [restartedMain] o.s.o.j.p.SpringPersistenceUnitInfo      : No LoadTimeWeaver setup: ignoring JPA class transformer
2024-01-13T04:29:14.935-06:00  INFO 16258 --- [restartedMain] o.h.e.t.j.p.i.JtaPlatformInitiator       : HHH000489: No JTA platform available (set 'hibernate.transaction.jta.platform' to enable JTA platform integration)
2024-01-13T04:29:14.967-06:00  INFO 16258 --- [restartedMain] j.LocalContainerEntityManagerFactoryBean : Initialized JPA EntityManagerFactory for persistence unit 'default'
2024-01-13T04:29:15.569-06:00  WARN 16258 --- [restartedMain] JpaBaseConfiguration$JpaWebConfiguration : spring.jpa.open-in-view is enabled by default. Therefore, database queries may be performed during view rendering. Explicitly configure spring.jpa.open-in-view to disable this warning
2024-01-13T04:29:17.140-06:00  INFO 16258 --- [restartedMain] o.s.b.d.a.OptionalLiveReloadServer       : LiveReload server is running on port 35729
2024-01-13T04:29:17.155-06:00  INFO 16258 --- [restartedMain] o.s.b.a.e.web.EndpointLinksResolver      : Exposing 14 endpoint(s) beneath base path '/actuator'
2024-01-13T04:29:17.236-06:00  INFO 16258 --- [restartedMain] o.s.b.w.embedded.tomcat.TomcatWebServer  : Tomcat started on port 8080 (http) with context path ''
2024-01-13T04:29:17.252-06:00  INFO 16258 --- [restartedMain] c.e.PaymentAPI.PaymentApiApplication     : Started PaymentApiApplication in 7.144 seconds (process running for 7.872)
2024-01-13T04:29:38.997-06:00  INFO 16258 --- [http-nio-8080-exec-1] o.a.c.c.C.[Tomcat].[localhost].[/]       : Initializing Spring DispatcherServlet 'dispatcherServlet'
2024-01-13T04:29:38.997-06:00  INFO 16258 --- [http-nio-8080-exec-1] o.s.web.servlet.DispatcherServlet        : Initializing Servlet 'dispatcherServlet'
2024-01-13T04:29:38.999-06:00  INFO 16258 --- [http-nio-8080-exec-1] o.s.web.servlet.DispatcherServlet        : Completed initialization in 1 ms
2024-01-13T04:29:39.012-06:00  INFO 16258 --- [http-nio-8080-exec-1] c.e.P.aop.PerformanceTrackerHandler      : Execution started...
2024-01-13T04:29:39.119-06:00  INFO 16258 --- [http-nio-8080-exec-1] c.e.P.aop.PerformanceTrackerHandler      : Execution started...
2024-01-13T04:29:39.250-06:00  INFO 16258 --- [http-nio-8080-exec-1] c.e.P.aop.PerformanceTrackerHandler      : Execution stopped create.payment duration 131
2024-01-13T04:29:46.353-06:00  INFO 16258 --- [http-nio-8080-exec-1] c.e.P.aop.PerformanceTrackerHandler      : Execution stopped http.server.requests duration 7340
2024-01-13T04:29:46.360-06:00  INFO 16258 --- [http-nio-8080-exec-2] c.e.P.aop.PerformanceTrackerHandler      : Execution started...
2024-01-13T04:29:46.362-06:00  INFO 16258 --- [http-nio-8080-exec-2] c.e.P.aop.PerformanceTrackerHandler      : Execution started...
2024-01-13T04:29:46.364-06:00  INFO 16258 --- [http-nio-8080-exec-2] c.e.P.aop.PerformanceTrackerHandler      : Execution stopped create.payment duration 2
2024-01-13T04:29:47.567-06:00  INFO 16258 --- [http-nio-8080-exec-2] c.e.P.aop.PerformanceTrackerHandler      : Execution stopped http.server.requests duration 1207
2024-01-13T04:29:47.570-06:00  INFO 16258 --- [http-nio-8080-exec-3] c.e.P.aop.PerformanceTrackerHandler      : Execution started...
2024-01-13T04:29:47.572-06:00  INFO 16258 --- [http-nio-8080-exec-3] c.e.P.aop.PerformanceTrackerHandler      : Execution started...
2024-01-13T04:29:47.575-06:00  INFO 16258 --- [http-nio-8080-exec-3] c.e.P.aop.PerformanceTrackerHandler      : Execution stopped create.payment duration 3
2024-01-13T04:29:48.791-06:00  INFO 16258 --- [http-nio-8080-exec-3] c.e.P.aop.PerformanceTrackerHandler      : Execution stopped http.server.requests duration 1221
2024-01-13T04:29:48.795-06:00  INFO 16258 --- [http-nio-8080-exec-4] c.e.P.aop.PerformanceTrackerHandler      : Execution started...
2024-01-13T04:29:48.797-06:00  INFO 16258 --- [http-nio-8080-exec-4] c.e.P.aop.PerformanceTrackerHandler      : Execution started...
2024-01-13T04:29:48.799-06:00  INFO 16258 --- [http-nio-8080-exec-4] c.e.P.aop.PerformanceTrackerHandler      : Execution stopped create.payment duration 2
2024-01-13T04:29:50.130-06:00  INFO 16258 --- [http-nio-8080-exec-4] c.e.P.aop.PerformanceTrackerHandler      : Execution stopped http.server.requests duration 1335
2024-01-13T04:29:50.133-06:00  INFO 16258 --- [http-nio-8080-exec-5] c.e.P.aop.PerformanceTrackerHandler      : Execution started...
2024-01-13T04:29:50.135-06:00  INFO 16258 --- [http-nio-8080-exec-5] c.e.P.aop.PerformanceTrackerHandler      : Execution started...
2024-01-13T04:29:50.138-06:00  INFO 16258 --- [http-nio-8080-exec-5] c.e.P.aop.PerformanceTrackerHandler      : Execution stopped create.payment duration 3
2024-01-13T04:29:56.376-06:00  INFO 16258 --- [http-nio-8080-exec-5] c.e.P.aop.PerformanceTrackerHandler      : Execution stopped http.server.requests duration 6243
2024-01-13T04:29:56.379-06:00  INFO 16258 --- [http-nio-8080-exec-6] c.e.P.aop.PerformanceTrackerHandler      : Execution started...
2024-01-13T04:29:56.381-06:00  INFO 16258 --- [http-nio-8080-exec-6] c.e.P.aop.PerformanceTrackerHandler      : Execution started...
2024-01-13T04:29:56.384-06:00  INFO 16258 --- [http-nio-8080-exec-6] c.e.P.aop.PerformanceTrackerHandler      : Execution stopped create.payment duration 3
2024-01-13T04:29:57.706-06:00  INFO 16258 --- [http-nio-8080-exec-6] c.e.P.aop.PerformanceTrackerHandler      : Execution stopped http.server.requests duration 1326
2024-01-13T04:29:57.709-06:00  INFO 16258 --- [http-nio-8080-exec-7] c.e.P.aop.PerformanceTrackerHandler      : Execution started...
2024-01-13T04:29:57.711-06:00  INFO 16258 --- [http-nio-8080-exec-7] c.e.P.aop.PerformanceTrackerHandler      : Execution started...
2024-01-13T04:29:57.713-06:00  INFO 16258 --- [http-nio-8080-exec-7] c.e.P.aop.PerformanceTrackerHandler      : Execution stopped create.payment duration 2
2024-01-13T04:29:59.032-06:00  INFO 16258 --- [http-nio-8080-exec-7] c.e.P.aop.PerformanceTrackerHandler      : Execution stopped http.server.requests duration 1323
2024-01-13T04:29:59.035-06:00  INFO 16258 --- [http-nio-8080-exec-8] c.e.P.aop.PerformanceTrackerHandler      : Execution started...
2024-01-13T04:29:59.038-06:00  INFO 16258 --- [http-nio-8080-exec-8] c.e.P.aop.PerformanceTrackerHandler      : Execution started...
2024-01-13T04:29:59.055-06:00  INFO 16258 --- [http-nio-8080-exec-8] c.e.P.aop.PerformanceTrackerHandler      : Execution stopped return.payment duration 17
2024-01-13T04:30:00.190-06:00  INFO 16258 --- [http-nio-8080-exec-8] c.e.P.aop.PerformanceTrackerHandler      : Execution stopped http.server.requests duration 1155
2024-01-13T04:30:00.192-06:00  INFO 16258 --- [http-nio-8080-exec-9] c.e.P.aop.PerformanceTrackerHandler      : Execution started...
2024-01-13T04:30:00.194-06:00  INFO 16258 --- [http-nio-8080-exec-9] c.e.P.aop.PerformanceTrackerHandler      : Execution started...
2024-01-13T04:30:00.197-06:00  INFO 16258 --- [http-nio-8080-exec-9] c.e.P.aop.PerformanceTrackerHandler      : Execution stopped return.payment duration 3
2024-01-13T04:30:06.328-06:00  INFO 16258 --- [http-nio-8080-exec-9] c.e.P.aop.PerformanceTrackerHandler      : Execution stopped http.server.requests duration 6136
2024-01-13T04:30:06.335-06:00  INFO 16258 --- [http-nio-8080-exec-10] c.e.P.aop.PerformanceTrackerHandler      : Execution started...
2024-01-13T04:30:06.341-06:00  INFO 16258 --- [http-nio-8080-exec-10] c.e.P.aop.PerformanceTrackerHandler      : Execution started...
2024-01-13T04:30:06.343-06:00  INFO 16258 --- [http-nio-8080-exec-10] c.e.P.aop.PerformanceTrackerHandler      : Execution stopped show.payment duration 2
2024-01-13T04:30:06.344-06:00  INFO 16258 --- [http-nio-8080-exec-10] c.e.P.aop.PerformanceTrackerHandler      : Execution stopped http.server.requests duration 8
2024-01-13T04:30:06.347-06:00  INFO 16258 --- [http-nio-8080-exec-1] c.e.P.aop.PerformanceTrackerHandler      : Execution started...
2024-01-13T04:30:06.349-06:00  INFO 16258 --- [http-nio-8080-exec-1] c.e.P.aop.PerformanceTrackerHandler      : Execution started...
2024-01-13T04:30:06.350-06:00  INFO 16258 --- [http-nio-8080-exec-1] c.e.P.aop.PerformanceTrackerHandler      : Execution stopped show.payment duration 1
2024-01-13T04:30:06.351-06:00  INFO 16258 --- [http-nio-8080-exec-1] c.e.P.aop.PerformanceTrackerHandler      : Execution stopped http.server.requests duration 4
2024-01-13T04:30:06.353-06:00  INFO 16258 --- [http-nio-8080-exec-2] c.e.P.aop.PerformanceTrackerHandler      : Execution started...
2024-01-13T04:30:06.354-06:00  INFO 16258 --- [http-nio-8080-exec-2] c.e.P.aop.PerformanceTrackerHandler      : Execution started...
2024-01-13T04:30:06.356-06:00  INFO 16258 --- [http-nio-8080-exec-2] c.e.P.aop.PerformanceTrackerHandler      : Execution stopped show.payment duration 2
2024-01-13T04:30:06.357-06:00  INFO 16258 --- [http-nio-8080-exec-2] c.e.P.aop.PerformanceTrackerHandler      : Execution stopped http.server.requests duration 4
2024-01-13T04:30:06.358-06:00  INFO 16258 --- [http-nio-8080-exec-3] c.e.P.aop.PerformanceTrackerHandler      : Execution started...
2024-01-13T04:30:06.359-06:00  INFO 16258 --- [http-nio-8080-exec-3] c.e.P.aop.PerformanceTrackerHandler      : Execution started...
2024-01-13T04:30:06.360-06:00  INFO 16258 --- [http-nio-8080-exec-3] c.e.P.aop.PerformanceTrackerHandler      : Execution stopped show.payment duration 1
2024-01-13T04:30:06.361-06:00  INFO 16258 --- [http-nio-8080-exec-3] c.e.P.aop.PerformanceTrackerHandler      : Execution stopped http.server.requests duration 3
2024-01-13T04:30:06.362-06:00  INFO 16258 --- [http-nio-8080-exec-4] c.e.P.aop.PerformanceTrackerHandler      : Execution started...
2024-01-13T04:30:06.363-06:00  INFO 16258 --- [http-nio-8080-exec-4] c.e.P.aop.PerformanceTrackerHandler      : Execution started...
2024-01-13T04:30:06.364-06:00  INFO 16258 --- [http-nio-8080-exec-4] c.e.P.aop.PerformanceTrackerHandler      : Execution stopped show.payment duration 1
2024-01-13T04:30:06.365-06:00  INFO 16258 --- [http-nio-8080-exec-4] c.e.P.aop.PerformanceTrackerHandler      : Execution stopped http.server.requests duration 3
2024-01-13T04:30:06.366-06:00  INFO 16258 --- [http-nio-8080-exec-5] c.e.P.aop.PerformanceTrackerHandler      : Execution started...
2024-01-13T04:30:06.367-06:00  INFO 16258 --- [http-nio-8080-exec-5] c.e.P.aop.PerformanceTrackerHandler      : Execution started...
2024-01-13T04:30:06.368-06:00  INFO 16258 --- [http-nio-8080-exec-5] c.e.P.aop.PerformanceTrackerHandler      : Execution stopped show.payment duration 1
2024-01-13T04:30:06.369-06:00  INFO 16258 --- [http-nio-8080-exec-5] c.e.P.aop.PerformanceTrackerHandler      : Execution stopped http.server.requests duration 3
2024-01-13T04:30:06.370-06:00  INFO 16258 --- [http-nio-8080-exec-6] c.e.P.aop.PerformanceTrackerHandler      : Execution started...
2024-01-13T04:30:06.371-06:00  INFO 16258 --- [http-nio-8080-exec-6] c.e.P.aop.PerformanceTrackerHandler      : Execution started...
2024-01-13T04:30:06.372-06:00  INFO 16258 --- [http-nio-8080-exec-6] c.e.P.aop.PerformanceTrackerHandler      : Execution stopped show.payment duration 1
2024-01-13T04:30:06.373-06:00  INFO 16258 --- [http-nio-8080-exec-6] c.e.P.aop.PerformanceTrackerHandler      : Execution stopped http.server.requests duration 2
2024-01-13T04:31:38.781-06:00  INFO 16258 --- [SpringApplicationShutdownHook] j.LocalContainerEntityManagerFactoryBean : Closing JPA EntityManagerFactory for persistence unit 'default'
2024-01-13T04:31:38.790-06:00  WARN 16258 --- [SpringApplicationShutdownHook] o.s.b.f.support.DisposableBeanAdapter    : Invocation of destroy method failed on bean with name 'inMemoryDatabaseShutdownExecutor': org.h2.jdbc.JdbcSQLNonTransientConnectionException: Database is already closed (to disable automatic closing at VM shutdown, add ";DB_CLOSE_ON_EXIT=FALSE" to the db URL) [90121-224]
2024-01-13T04:31:38.792-06:00  INFO 16258 --- [SpringApplicationShutdownHook] com.zaxxer.hikari.HikariDataSource       : HikariPool-1 - Shutdown initiated...
2024-01-13T04:31:38.794-06:00  INFO 16258 --- [SpringApplicationShutdownHook] com.zaxxer.hikari.HikariDataSource       : HikariPool-1 - Shutdown completed.
2024-01-13T04:31:42.666-06:00  INFO 16286 --- [restartedMain] c.e.PaymentAPI.PaymentApiApplication     : Starting PaymentApiApplication using Java 19.0.1 with PID 16286 (/Users/aabdelaziz/Desktop/paymentService/server/target/classes started by aabdelaziz in /Users/aabdelaziz/Desktop/paymentService/server)
2024-01-13T04:31:42.669-06:00  INFO 16286 --- [restartedMain] c.e.PaymentAPI.PaymentApiApplication     : No active profile set, falling back to 1 default profile: "default"
2024-01-13T04:31:42.734-06:00  INFO 16286 --- [restartedMain] .e.DevToolsPropertyDefaultsPostProcessor : Devtools property defaults active! Set 'spring.devtools.add-properties' to 'false' to disable
2024-01-13T04:31:42.735-06:00  INFO 16286 --- [restartedMain] .e.DevToolsPropertyDefaultsPostProcessor : For additional web related logging consider setting the 'logging.level.web' property to 'DEBUG'
2024-01-13T04:31:43.747-06:00  INFO 16286 --- [restartedMain] .s.d.r.c.RepositoryConfigurationDelegate : Bootstrapping Spring Data JPA repositories in DEFAULT mode.
2024-01-13T04:31:43.808-06:00  INFO 16286 --- [restartedMain] .s.d.r.c.RepositoryConfigurationDelegate : Finished Spring Data repository scanning in 52 ms. Found 1 JPA repository interface.
2024-01-13T04:31:44.916-06:00  INFO 16286 --- [restartedMain] o.s.b.w.embedded.tomcat.TomcatWebServer  : Tomcat initialized with port 8080 (http)
2024-01-13T04:31:44.931-06:00  INFO 16286 --- [restartedMain] o.apache.catalina.core.StandardService   : Starting service [Tomcat]
2024-01-13T04:31:44.931-06:00  INFO 16286 --- [restartedMain] o.apache.catalina.core.StandardEngine    : Starting Servlet engine: [Apache Tomcat/10.1.17]
2024-01-13T04:31:44.974-06:00  INFO 16286 --- [restartedMain] o.a.c.c.C.[Tomcat].[localhost].[/]       : Initializing Spring embedded WebApplicationContext
2024-01-13T04:31:44.974-06:00  INFO 16286 --- [restartedMain] w.s.c.ServletWebServerApplicationContext : Root WebApplicationContext: initialization completed in 2238 ms
2024-01-13T04:31:45.254-06:00  INFO 16286 --- [restartedMain] com.zaxxer.hikari.HikariDataSource       : HikariPool-1 - Starting...
2024-01-13T04:31:45.455-06:00  INFO 16286 --- [restartedMain] com.zaxxer.hikari.pool.HikariPool        : HikariPool-1 - Added connection conn0: url=jdbc:h2:mem:paymentDb user=API
2024-01-13T04:31:45.456-06:00  INFO 16286 --- [restartedMain] com.zaxxer.hikari.HikariDataSource       : HikariPool-1 - Start completed.
2024-01-13T04:31:45.469-06:00  INFO 16286 --- [restartedMain] o.s.b.a.h2.H2ConsoleAutoConfiguration    : H2 console available at '/h2-console'. Database available at 'jdbc:h2:mem:paymentDb'
2024-01-13T04:31:45.777-06:00  INFO 16286 --- [restartedMain] o.hibernate.jpa.internal.util.LogHelper  : HHH000204: Processing PersistenceUnitInfo [name: default]
2024-01-13T04:31:45.831-06:00  INFO 16286 --- [restartedMain] org.hibernate.Version                    : HHH000412: Hibernate ORM core version 6.4.1.Final
2024-01-13T04:31:45.865-06:00  INFO 16286 --- [restartedMain] o.h.c.internal.RegionFactoryInitiator    : HHH000026: Second-level cache disabled
2024-01-13T04:31:46.105-06:00  INFO 16286 --- [restartedMain] o.s.o.j.p.SpringPersistenceUnitInfo      : No LoadTimeWeaver setup: ignoring JPA class transformer
2024-01-13T04:31:46.910-06:00  INFO 16286 --- [restartedMain] o.h.e.t.j.p.i.JtaPlatformInitiator       : HHH000489: No JTA platform available (set 'hibernate.transaction.jta.platform' to enable JTA platform integration)
2024-01-13T04:31:46.944-06:00  INFO 16286 --- [restartedMain] j.LocalContainerEntityManagerFactoryBean : Initialized JPA EntityManagerFactory for persistence unit 'default'
2024-01-13T04:31:47.560-06:00  WARN 16286 --- [restartedMain] JpaBaseConfiguration$JpaWebConfiguration : spring.jpa.open-in-view is enabled by default. Therefore, database queries may be performed during view rendering. Explicitly configure spring.jpa.open-in-view to disable this warning
2024-01-13T04:31:49.229-06:00  INFO 16286 --- [restartedMain] o.s.b.d.a.OptionalLiveReloadServer       : LiveReload server is running on port 35729
2024-01-13T04:31:49.247-06:00  INFO 16286 --- [restartedMain] o.s.b.a.e.web.EndpointLinksResolver      : Exposing 14 endpoint(s) beneath base path '/actuator'
2024-01-13T04:31:49.350-06:00  INFO 16286 --- [restartedMain] o.s.b.w.embedded.tomcat.TomcatWebServer  : Tomcat started on port 8080 (http) with context path ''
2024-01-13T04:31:49.368-06:00  INFO 16286 --- [restartedMain] c.e.PaymentAPI.PaymentApiApplication     : Started PaymentApiApplication in 7.331 seconds (process running for 8.036)
2024-01-13T04:32:03.917-06:00  INFO 16286 --- [http-nio-8080-exec-1] o.a.c.c.C.[Tomcat].[localhost].[/]       : Initializing Spring DispatcherServlet 'dispatcherServlet'
2024-01-13T04:32:03.918-06:00  INFO 16286 --- [http-nio-8080-exec-1] o.s.web.servlet.DispatcherServlet        : Initializing Servlet 'dispatcherServlet'
2024-01-13T04:32:03.919-06:00  INFO 16286 --- [http-nio-8080-exec-1] o.s.web.servlet.DispatcherServlet        : Completed initialization in 1 ms
2024-01-13T04:32:03.930-06:00  INFO 16286 --- [http-nio-8080-exec-1] c.e.P.aop.PerformanceTrackerHandler      : Execution started...
2024-01-13T04:32:04.022-06:00  INFO 16286 --- [http-nio-8080-exec-1] c.e.P.aop.PerformanceTrackerHandler      : Execution started...
2024-01-13T04:32:04.139-06:00  INFO 16286 --- [http-nio-8080-exec-1] c.e.P.aop.PerformanceTrackerHandler      : Execution stopped create.payment duration 116
2024-01-13T04:32:10.639-06:00  INFO 16286 --- [http-nio-8080-exec-1] c.e.P.aop.PerformanceTrackerHandler      : Execution stopped http.server.requests duration 6708
2024-01-13T04:32:10.645-06:00  INFO 16286 --- [http-nio-8080-exec-2] c.e.P.aop.PerformanceTrackerHandler      : Execution started...
2024-01-13T04:32:10.648-06:00  INFO 16286 --- [http-nio-8080-exec-2] c.e.P.aop.PerformanceTrackerHandler      : Execution started...
2024-01-13T04:32:10.650-06:00  INFO 16286 --- [http-nio-8080-exec-2] c.e.P.aop.PerformanceTrackerHandler      : Execution stopped create.payment duration 2
2024-01-13T04:32:12.057-06:00  INFO 16286 --- [http-nio-8080-exec-2] c.e.P.aop.PerformanceTrackerHandler      : Execution stopped http.server.requests duration 1411
2024-01-13T04:32:12.060-06:00  INFO 16286 --- [http-nio-8080-exec-3] c.e.P.aop.PerformanceTrackerHandler      : Execution started...
2024-01-13T04:32:12.063-06:00  INFO 16286 --- [http-nio-8080-exec-3] c.e.P.aop.PerformanceTrackerHandler      : Execution started...
2024-01-13T04:32:12.065-06:00  INFO 16286 --- [http-nio-8080-exec-3] c.e.P.aop.PerformanceTrackerHandler      : Execution stopped create.payment duration 2
2024-01-13T04:32:13.288-06:00  INFO 16286 --- [http-nio-8080-exec-3] c.e.P.aop.PerformanceTrackerHandler      : Execution stopped http.server.requests duration 1227
2024-01-13T04:32:13.291-06:00  INFO 16286 --- [http-nio-8080-exec-4] c.e.P.aop.PerformanceTrackerHandler      : Execution started...
2024-01-13T04:32:13.293-06:00  INFO 16286 --- [http-nio-8080-exec-4] c.e.P.aop.PerformanceTrackerHandler      : Execution started...
2024-01-13T04:32:13.295-06:00  INFO 16286 --- [http-nio-8080-exec-4] c.e.P.aop.PerformanceTrackerHandler      : Execution stopped create.payment duration 2
2024-01-13T04:32:14.722-06:00  INFO 16286 --- [http-nio-8080-exec-4] c.e.P.aop.PerformanceTrackerHandler      : Execution stopped http.server.requests duration 1431
2024-01-13T04:32:14.725-06:00  INFO 16286 --- [http-nio-8080-exec-5] c.e.P.aop.PerformanceTrackerHandler      : Execution started...
2024-01-13T04:32:14.727-06:00  INFO 16286 --- [http-nio-8080-exec-5] c.e.P.aop.PerformanceTrackerHandler      : Execution started...
2024-01-13T04:32:14.730-06:00  INFO 16286 --- [http-nio-8080-exec-5] c.e.P.aop.PerformanceTrackerHandler      : Execution stopped create.payment duration 3
2024-01-13T04:32:20.865-06:00  INFO 16286 --- [http-nio-8080-exec-5] c.e.P.aop.PerformanceTrackerHandler      : Execution stopped http.server.requests duration 6140
2024-01-13T04:32:20.869-06:00  INFO 16286 --- [http-nio-8080-exec-6] c.e.P.aop.PerformanceTrackerHandler      : Execution started...
2024-01-13T04:32:20.871-06:00  INFO 16286 --- [http-nio-8080-exec-6] c.e.P.aop.PerformanceTrackerHandler      : Execution started...
2024-01-13T04:32:20.873-06:00  INFO 16286 --- [http-nio-8080-exec-6] c.e.P.aop.PerformanceTrackerHandler      : Execution stopped create.payment duration 2
2024-01-13T04:32:22.304-06:00  INFO 16286 --- [http-nio-8080-exec-6] c.e.P.aop.PerformanceTrackerHandler      : Execution stopped http.server.requests duration 1435
2024-01-13T04:32:22.307-06:00  INFO 16286 --- [http-nio-8080-exec-7] c.e.P.aop.PerformanceTrackerHandler      : Execution started...
2024-01-13T04:32:22.309-06:00  INFO 16286 --- [http-nio-8080-exec-7] c.e.P.aop.PerformanceTrackerHandler      : Execution started...
2024-01-13T04:32:22.311-06:00  INFO 16286 --- [http-nio-8080-exec-7] c.e.P.aop.PerformanceTrackerHandler      : Execution stopped create.payment duration 2
2024-01-13T04:32:23.754-06:00  INFO 16286 --- [http-nio-8080-exec-7] c.e.P.aop.PerformanceTrackerHandler      : Execution stopped http.server.requests duration 1447
2024-01-13T04:32:23.756-06:00  INFO 16286 --- [http-nio-8080-exec-8] c.e.P.aop.PerformanceTrackerHandler      : Execution started...
2024-01-13T04:32:23.758-06:00  INFO 16286 --- [http-nio-8080-exec-8] c.e.P.aop.PerformanceTrackerHandler      : Execution started...
2024-01-13T04:32:23.773-06:00  INFO 16286 --- [http-nio-8080-exec-8] c.e.P.aop.PerformanceTrackerHandler      : Execution stopped return.payment duration 15
2024-01-13T04:32:24.958-06:00  INFO 16286 --- [http-nio-8080-exec-8] c.e.P.aop.PerformanceTrackerHandler      : Execution stopped http.server.requests duration 1202
2024-01-13T04:32:24.961-06:00  INFO 16286 --- [http-nio-8080-exec-9] c.e.P.aop.PerformanceTrackerHandler      : Execution started...
2024-01-13T04:32:24.963-06:00  INFO 16286 --- [http-nio-8080-exec-9] c.e.P.aop.PerformanceTrackerHandler      : Execution started...
2024-01-13T04:32:24.967-06:00  INFO 16286 --- [http-nio-8080-exec-9] c.e.P.aop.PerformanceTrackerHandler      : Execution stopped return.payment duration 3
2024-01-13T04:32:31.168-06:00  INFO 16286 --- [http-nio-8080-exec-9] c.e.P.aop.PerformanceTrackerHandler      : Execution stopped http.server.requests duration 6207
2024-01-13T04:32:31.175-06:00  INFO 16286 --- [http-nio-8080-exec-10] c.e.P.aop.PerformanceTrackerHandler      : Execution started...
2024-01-13T04:32:31.180-06:00  INFO 16286 --- [http-nio-8080-exec-10] c.e.P.aop.PerformanceTrackerHandler      : Execution started...
2024-01-13T04:32:31.182-06:00  INFO 16286 --- [http-nio-8080-exec-10] c.e.P.aop.PerformanceTrackerHandler      : Execution stopped show.payment duration 2
2024-01-13T04:32:31.183-06:00  INFO 16286 --- [http-nio-8080-exec-10] c.e.P.aop.PerformanceTrackerHandler      : Execution stopped http.server.requests duration 8
2024-01-13T04:32:31.186-06:00  INFO 16286 --- [http-nio-8080-exec-1] c.e.P.aop.PerformanceTrackerHandler      : Execution started...
2024-01-13T04:32:31.187-06:00  INFO 16286 --- [http-nio-8080-exec-1] c.e.P.aop.PerformanceTrackerHandler      : Execution started...
2024-01-13T04:32:31.188-06:00  INFO 16286 --- [http-nio-8080-exec-1] c.e.P.aop.PerformanceTrackerHandler      : Execution stopped show.payment duration 1
2024-01-13T04:32:31.189-06:00  INFO 16286 --- [http-nio-8080-exec-1] c.e.P.aop.PerformanceTrackerHandler      : Execution stopped http.server.requests duration 3
2024-01-13T04:32:31.190-06:00  INFO 16286 --- [http-nio-8080-exec-2] c.e.P.aop.PerformanceTrackerHandler      : Execution started...
2024-01-13T04:32:31.191-06:00  INFO 16286 --- [http-nio-8080-exec-2] c.e.P.aop.PerformanceTrackerHandler      : Execution started...
2024-01-13T04:32:31.192-06:00  INFO 16286 --- [http-nio-8080-exec-2] c.e.P.aop.PerformanceTrackerHandler      : Execution stopped show.payment duration 0
2024-01-13T04:32:31.193-06:00  INFO 16286 --- [http-nio-8080-exec-2] c.e.P.aop.PerformanceTrackerHandler      : Execution stopped http.server.requests duration 2
2024-01-13T04:32:31.194-06:00  INFO 16286 --- [http-nio-8080-exec-3] c.e.P.aop.PerformanceTrackerHandler      : Execution started...
2024-01-13T04:32:31.195-06:00  INFO 16286 --- [http-nio-8080-exec-3] c.e.P.aop.PerformanceTrackerHandler      : Execution started...
2024-01-13T04:32:31.196-06:00  INFO 16286 --- [http-nio-8080-exec-3] c.e.P.aop.PerformanceTrackerHandler      : Execution stopped show.payment duration 0
2024-01-13T04:32:31.197-06:00  INFO 16286 --- [http-nio-8080-exec-3] c.e.P.aop.PerformanceTrackerHandler      : Execution stopped http.server.requests duration 2
2024-01-13T04:32:31.199-06:00  INFO 16286 --- [http-nio-8080-exec-4] c.e.P.aop.PerformanceTrackerHandler      : Execution started...
2024-01-13T04:32:31.200-06:00  INFO 16286 --- [http-nio-8080-exec-4] c.e.P.aop.PerformanceTrackerHandler      : Execution started...
2024-01-13T04:32:31.201-06:00  INFO 16286 --- [http-nio-8080-exec-4] c.e.P.aop.PerformanceTrackerHandler      : Execution stopped show.payment duration 1
2024-01-13T04:32:31.202-06:00  INFO 16286 --- [http-nio-8080-exec-4] c.e.P.aop.PerformanceTrackerHandler      : Execution stopped http.server.requests duration 3
2024-01-13T04:32:31.203-06:00  INFO 16286 --- [http-nio-8080-exec-5] c.e.P.aop.PerformanceTrackerHandler      : Execution started...
2024-01-13T04:32:31.204-06:00  INFO 16286 --- [http-nio-8080-exec-5] c.e.P.aop.PerformanceTrackerHandler      : Execution started...
2024-01-13T04:32:31.205-06:00  INFO 16286 --- [http-nio-8080-exec-5] c.e.P.aop.PerformanceTrackerHandler      : Execution stopped show.payment duration 1
2024-01-13T04:32:31.206-06:00  INFO 16286 --- [http-nio-8080-exec-5] c.e.P.aop.PerformanceTrackerHandler      : Execution stopped http.server.requests duration 3
2024-01-13T04:32:31.207-06:00  INFO 16286 --- [http-nio-8080-exec-6] c.e.P.aop.PerformanceTrackerHandler      : Execution started...
2024-01-13T04:32:31.208-06:00  INFO 16286 --- [http-nio-8080-exec-6] c.e.P.aop.PerformanceTrackerHandler      : Execution started...
2024-01-13T04:32:31.209-06:00  INFO 16286 --- [http-nio-8080-exec-6] c.e.P.aop.PerformanceTrackerHandler      : Execution stopped show.payment duration 1
2024-01-13T04:32:31.210-06:00  INFO 16286 --- [http-nio-8080-exec-6] c.e.P.aop.PerformanceTrackerHandler      : Execution stopped http.server.requests duration 3
2024-01-13T05:20:48.741-06:00  INFO 16286 --- [File Watcher] rtingClassPathChangeChangedEventListener : Restarting due to 16 class path changes (0 additions, 16 deletions, 0 modifications)
2024-01-13T05:20:48.785-06:00  INFO 16286 --- [Thread-5] j.LocalContainerEntityManagerFactoryBean : Closing JPA EntityManagerFactory for persistence unit 'default'
2024-01-13T05:20:48.810-06:00  WARN 16286 --- [Thread-5] o.s.b.f.support.DisposableBeanAdapter    : Invocation of destroy method failed on bean with name 'inMemoryDatabaseShutdownExecutor': org.h2.jdbc.JdbcSQLNonTransientConnectionException: Database is already closed (to disable automatic closing at VM shutdown, add ";DB_CLOSE_ON_EXIT=FALSE" to the db URL) [90121-224]
2024-01-13T05:20:48.812-06:00  INFO 16286 --- [Thread-5] com.zaxxer.hikari.HikariDataSource       : HikariPool-1 - Shutdown initiated...
2024-01-13T05:20:48.815-06:00  INFO 16286 --- [Thread-5] com.zaxxer.hikari.HikariDataSource       : HikariPool-1 - Shutdown completed.
