2024-01-13T00:38:38.663-06:00  INFO 13568 --- [main] c.e.PaymentAPI.PaymentApiApplication     : Starting PaymentApiApplication using Java 19.0.1 with PID 13568 (/Users/aabdelaziz/Downloads/PaymentAPI/target/classes started by aabdelaziz in /Users/aabdelaziz/Downloads/PaymentAPI)
2024-01-13T00:38:38.666-06:00  INFO 13568 --- [main] c.e.PaymentAPI.PaymentApiApplication     : No active profile set, falling back to 1 default profile: "default"
2024-01-13T00:38:39.802-06:00  INFO 13568 --- [main] .s.d.r.c.RepositoryConfigurationDelegate : Bootstrapping Spring Data JPA repositories in DEFAULT mode.
2024-01-13T00:38:39.863-06:00  INFO 13568 --- [main] .s.d.r.c.RepositoryConfigurationDelegate : Finished Spring Data repository scanning in 52 ms. Found 1 JPA repository interface.
2024-01-13T00:38:41.066-06:00  INFO 13568 --- [main] o.s.b.w.embedded.tomcat.TomcatWebServer  : Tomcat initialized with port 8080 (http)
2024-01-13T00:38:41.081-06:00  INFO 13568 --- [main] o.apache.catalina.core.StandardService   : Starting service [Tomcat]
2024-01-13T00:38:41.082-06:00  INFO 13568 --- [main] o.apache.catalina.core.StandardEngine    : Starting Servlet engine: [Apache Tomcat/10.1.17]
2024-01-13T00:38:41.140-06:00  INFO 13568 --- [main] o.a.c.c.C.[Tomcat].[localhost].[/]       : Initializing Spring embedded WebApplicationContext
2024-01-13T00:38:41.140-06:00  INFO 13568 --- [main] w.s.c.ServletWebServerApplicationContext : Root WebApplicationContext: initialization completed in 2413 ms
2024-01-13T00:38:41.423-06:00  INFO 13568 --- [main] com.zaxxer.hikari.HikariDataSource       : HikariPool-1 - Starting...
2024-01-13T00:38:41.631-06:00  INFO 13568 --- [main] com.zaxxer.hikari.pool.HikariPool        : HikariPool-1 - Added connection conn0: url=jdbc:h2:mem:paymentDb user=API
2024-01-13T00:38:41.632-06:00  INFO 13568 --- [main] com.zaxxer.hikari.HikariDataSource       : HikariPool-1 - Start completed.
2024-01-13T00:38:41.645-06:00  INFO 13568 --- [main] o.s.b.a.h2.H2ConsoleAutoConfiguration    : H2 console available at '/h2-console'. Database available at 'jdbc:h2:mem:paymentDb'
2024-01-13T00:38:41.984-06:00  INFO 13568 --- [main] o.hibernate.jpa.internal.util.LogHelper  : HHH000204: Processing PersistenceUnitInfo [name: default]
2024-01-13T00:38:42.038-06:00  INFO 13568 --- [main] org.hibernate.Version                    : HHH000412: Hibernate ORM core version 6.4.1.Final
2024-01-13T00:38:42.071-06:00  INFO 13568 --- [main] o.h.c.internal.RegionFactoryInitiator    : HHH000026: Second-level cache disabled
2024-01-13T00:38:42.293-06:00  INFO 13568 --- [main] o.s.o.j.p.SpringPersistenceUnitInfo      : No LoadTimeWeaver setup: ignoring JPA class transformer
2024-01-13T00:38:43.136-06:00  INFO 13568 --- [main] o.h.e.t.j.p.i.JtaPlatformInitiator       : HHH000489: No JTA platform available (set 'hibernate.transaction.jta.platform' to enable JTA platform integration)
2024-01-13T00:38:43.167-06:00  INFO 13568 --- [main] j.LocalContainerEntityManagerFactoryBean : Initialized JPA EntityManagerFactory for persistence unit 'default'
2024-01-13T00:38:43.797-06:00  WARN 13568 --- [main] JpaBaseConfiguration$JpaWebConfiguration : spring.jpa.open-in-view is enabled by default. Therefore, database queries may be performed during view rendering. Explicitly configure spring.jpa.open-in-view to disable this warning
2024-01-13T00:38:45.457-06:00  INFO 13568 --- [main] o.s.b.a.e.web.EndpointLinksResolver      : Exposing 14 endpoint(s) beneath base path '/actuator'
2024-01-13T00:38:45.544-06:00  INFO 13568 --- [main] o.s.b.w.embedded.tomcat.TomcatWebServer  : Tomcat started on port 8080 (http) with context path ''
2024-01-13T00:38:45.560-06:00  INFO 13568 --- [main] c.e.PaymentAPI.PaymentApiApplication     : Started PaymentApiApplication in 7.529 seconds (process running for 8.038)
2024-01-13T00:38:52.846-06:00  INFO 13568 --- [http-nio-8080-exec-2] o.a.c.c.C.[Tomcat].[localhost].[/]       : Initializing Spring DispatcherServlet 'dispatcherServlet'
2024-01-13T00:38:52.847-06:00  INFO 13568 --- [http-nio-8080-exec-2] o.s.web.servlet.DispatcherServlet        : Initializing Servlet 'dispatcherServlet'
2024-01-13T00:38:52.848-06:00  INFO 13568 --- [http-nio-8080-exec-2] o.s.web.servlet.DispatcherServlet        : Completed initialization in 1 ms
2024-01-13T00:38:52.859-06:00  INFO 13568 --- [http-nio-8080-exec-2] c.e.P.aop.PerformanceTrackerHandler      : Execution started...
2024-01-13T00:38:52.971-06:00  INFO 13568 --- [http-nio-8080-exec-2] c.e.P.aop.PerformanceTrackerHandler      : Execution started...
2024-01-13T00:38:53.094-06:00  INFO 13568 --- [http-nio-8080-exec-2] c.e.P.aop.PerformanceTrackerHandler      : Execution stopped create.payment duration 122
2024-01-13T00:38:59.830-06:00  INFO 13568 --- [http-nio-8080-exec-2] c.e.P.aop.PerformanceTrackerHandler      : Execution stopped http.server.requests duration 6971
2024-01-13T00:45:35.101-06:00  INFO 13568 --- [SpringApplicationShutdownHook] j.LocalContainerEntityManagerFactoryBean : Closing JPA EntityManagerFactory for persistence unit 'default'
2024-01-13T00:45:35.107-06:00  INFO 13568 --- [SpringApplicationShutdownHook] com.zaxxer.hikari.HikariDataSource       : HikariPool-1 - Shutdown initiated...
2024-01-13T00:45:35.112-06:00  INFO 13568 --- [SpringApplicationShutdownHook] com.zaxxer.hikari.HikariDataSource       : HikariPool-1 - Shutdown completed.
2024-01-13T00:57:14.574-06:00  INFO 13754 --- [main] c.e.PaymentAPI.PaymentApiApplication     : Starting PaymentApiApplication using Java 19.0.1 with PID 13754 (/Users/aabdelaziz/Downloads/PaymentAPI/target/classes started by aabdelaziz in /Users/aabdelaziz/Downloads/PaymentAPI)
2024-01-13T00:57:14.577-06:00  INFO 13754 --- [main] c.e.PaymentAPI.PaymentApiApplication     : No active profile set, falling back to 1 default profile: "default"
2024-01-13T00:57:15.634-06:00  INFO 13754 --- [main] .s.d.r.c.RepositoryConfigurationDelegate : Bootstrapping Spring Data JPA repositories in DEFAULT mode.
2024-01-13T00:57:15.706-06:00  INFO 13754 --- [main] .s.d.r.c.RepositoryConfigurationDelegate : Finished Spring Data repository scanning in 62 ms. Found 1 JPA repository interface.
2024-01-13T00:57:16.800-06:00  INFO 13754 --- [main] o.s.b.w.embedded.tomcat.TomcatWebServer  : Tomcat initialized with port 8080 (http)
2024-01-13T00:57:16.813-06:00  INFO 13754 --- [main] o.apache.catalina.core.StandardService   : Starting service [Tomcat]
2024-01-13T00:57:16.813-06:00  INFO 13754 --- [main] o.apache.catalina.core.StandardEngine    : Starting Servlet engine: [Apache Tomcat/10.1.17]
2024-01-13T00:57:16.870-06:00  INFO 13754 --- [main] o.a.c.c.C.[Tomcat].[localhost].[/]       : Initializing Spring embedded WebApplicationContext
2024-01-13T00:57:16.870-06:00  INFO 13754 --- [main] w.s.c.ServletWebServerApplicationContext : Root WebApplicationContext: initialization completed in 2231 ms
2024-01-13T00:57:17.157-06:00  INFO 13754 --- [main] com.zaxxer.hikari.HikariDataSource       : HikariPool-1 - Starting...
2024-01-13T00:57:17.364-06:00  INFO 13754 --- [main] com.zaxxer.hikari.pool.HikariPool        : HikariPool-1 - Added connection conn0: url=jdbc:h2:mem:paymentDb user=API
2024-01-13T00:57:17.366-06:00  INFO 13754 --- [main] com.zaxxer.hikari.HikariDataSource       : HikariPool-1 - Start completed.
2024-01-13T00:57:17.378-06:00  INFO 13754 --- [main] o.s.b.a.h2.H2ConsoleAutoConfiguration    : H2 console available at '/h2-console'. Database available at 'jdbc:h2:mem:paymentDb'
2024-01-13T00:57:17.726-06:00  INFO 13754 --- [main] o.hibernate.jpa.internal.util.LogHelper  : HHH000204: Processing PersistenceUnitInfo [name: default]
2024-01-13T00:57:17.783-06:00  INFO 13754 --- [main] org.hibernate.Version                    : HHH000412: Hibernate ORM core version 6.4.1.Final
2024-01-13T00:57:17.817-06:00  INFO 13754 --- [main] o.h.c.internal.RegionFactoryInitiator    : HHH000026: Second-level cache disabled
2024-01-13T00:57:18.054-06:00  INFO 13754 --- [main] o.s.o.j.p.SpringPersistenceUnitInfo      : No LoadTimeWeaver setup: ignoring JPA class transformer
2024-01-13T00:57:18.902-06:00  INFO 13754 --- [main] o.h.e.t.j.p.i.JtaPlatformInitiator       : HHH000489: No JTA platform available (set 'hibernate.transaction.jta.platform' to enable JTA platform integration)
2024-01-13T00:57:18.932-06:00  INFO 13754 --- [main] j.LocalContainerEntityManagerFactoryBean : Initialized JPA EntityManagerFactory for persistence unit 'default'
2024-01-13T00:57:19.559-06:00  WARN 13754 --- [main] JpaBaseConfiguration$JpaWebConfiguration : spring.jpa.open-in-view is enabled by default. Therefore, database queries may be performed during view rendering. Explicitly configure spring.jpa.open-in-view to disable this warning
2024-01-13T00:57:21.119-06:00  INFO 13754 --- [main] o.s.b.a.e.web.EndpointLinksResolver      : Exposing 14 endpoint(s) beneath base path '/actuator'
2024-01-13T00:57:21.197-06:00  INFO 13754 --- [main] o.s.b.w.embedded.tomcat.TomcatWebServer  : Tomcat started on port 8080 (http) with context path ''
2024-01-13T00:57:21.212-06:00  INFO 13754 --- [main] c.e.PaymentAPI.PaymentApiApplication     : Started PaymentApiApplication in 7.272 seconds (process running for 7.762)
2024-01-13T00:57:27.462-06:00  INFO 13754 --- [http-nio-8080-exec-1] o.a.c.c.C.[Tomcat].[localhost].[/]       : Initializing Spring DispatcherServlet 'dispatcherServlet'
2024-01-13T00:57:27.462-06:00  INFO 13754 --- [http-nio-8080-exec-1] o.s.web.servlet.DispatcherServlet        : Initializing Servlet 'dispatcherServlet'
2024-01-13T00:57:27.464-06:00  INFO 13754 --- [http-nio-8080-exec-1] o.s.web.servlet.DispatcherServlet        : Completed initialization in 1 ms
2024-01-13T00:57:27.475-06:00  INFO 13754 --- [http-nio-8080-exec-1] c.e.P.aop.PerformanceTrackerHandler      : Execution started...
2024-01-13T00:57:27.580-06:00  INFO 13754 --- [http-nio-8080-exec-1] c.e.P.aop.PerformanceTrackerHandler      : Execution started...
2024-01-13T00:57:27.699-06:00  INFO 13754 --- [http-nio-8080-exec-1] c.e.P.aop.PerformanceTrackerHandler      : Execution stopped create.payment duration 118
2024-01-13T00:57:34.188-06:00  INFO 13754 --- [http-nio-8080-exec-1] c.e.P.aop.PerformanceTrackerHandler      : Execution stopped http.server.requests duration 6713
2024-01-13T01:01:05.291-06:00  WARN 13754 --- [HikariPool-1 housekeeper] com.zaxxer.hikari.pool.HikariPool        : HikariPool-1 - Thread starvation or clock leap detected (housekeeper delta=47s802ms).
2024-01-13T01:11:08.291-06:00  INFO 13754 --- [SpringApplicationShutdownHook] j.LocalContainerEntityManagerFactoryBean : Closing JPA EntityManagerFactory for persistence unit 'default'
2024-01-13T01:11:08.333-06:00  INFO 13754 --- [SpringApplicationShutdownHook] com.zaxxer.hikari.HikariDataSource       : HikariPool-1 - Shutdown initiated...
2024-01-13T01:11:08.342-06:00  INFO 13754 --- [SpringApplicationShutdownHook] com.zaxxer.hikari.HikariDataSource       : HikariPool-1 - Shutdown completed.
